Log file open, 03/13/19 10:45:34
LogWindows: Failed to load 'aqProf.dll' (GetLastError=126)
LogWindows: File 'aqProf.dll' does not exist
LogWindows: Failed to load 'VtuneApi.dll' (GetLastError=126)
LogWindows: File 'VtuneApi.dll' does not exist
LogWindows: Failed to load 'VtuneApi32e.dll' (GetLastError=126)
LogWindows: File 'VtuneApi32e.dll' does not exist
LogConsoleResponse: Display: Failed to find resolution value strings in scalability ini. Falling back to default.
LogInit: Display: Running engine for game: NoName
LogPakFile: Registered encryption key '00000000000000000000000000000000': 0 pak files mounted, 0 remain pending
LogPlatformFile: Not using cached read wrapper
LogTaskGraph: Started task graph with 5 named threads and 14 total threads with 3 sets of task threads.
LogStats: Stats thread started at 0.183392
LogD3D11RHI: Loaded GFSDK_Aftermath_Lib.x64.dll
LogICUInternationalization: ICU TimeZone Detection - Raw Offset: -8:00, Platform Override: ''
LogPluginManager: Mounting plugin Paper2D
LogPluginManager: Mounting plugin AISupport
LogPluginManager: Mounting plugin LightPropagationVolume
LogPluginManager: Mounting plugin ActorLayerUtilities
LogPluginManager: Mounting plugin CLionSourceCodeAccess
LogPluginManager: Mounting plugin CodeLiteSourceCodeAccess
LogPluginManager: Mounting plugin GitSourceControl
LogPluginManager: Mounting plugin KDevelopSourceCodeAccess
LogPluginManager: Mounting plugin NullSourceCodeAccess
LogPluginManager: Mounting plugin PerforceSourceControl
LogPluginManager: Mounting plugin SubversionSourceControl
LogPluginManager: Mounting plugin UObjectPlugin
LogPluginManager: Mounting plugin VisualStudioCodeSourceCodeAccess
LogPluginManager: Mounting plugin VisualStudioSourceCodeAccess
LogPluginManager: Mounting plugin XCodeSourceCodeAccess
LogPluginManager: Mounting plugin AssetManagerEditor
LogPluginManager: Mounting plugin CryptoKeys
LogPluginManager: Mounting plugin DataValidation
LogPluginManager: Mounting plugin FacialAnimation
LogPluginManager: Mounting plugin GameplayTagsEditor
LogPluginManager: Mounting plugin MacGraphicsSwitching
LogPluginManager: Mounting plugin MeshEditor
LogPluginManager: Mounting plugin MobileLauncherProfileWizard
LogPluginManager: Mounting plugin PluginBrowser
LogPluginManager: Mounting plugin SpeedTreeImporter
LogPluginManager: Mounting plugin DatasmithContent
LogPluginManager: Mounting plugin VariantManagerContent
LogPluginManager: Mounting plugin AlembicImporter
LogPluginManager: Mounting plugin AppleImageUtils
LogPluginManager: Mounting plugin AppleVision
LogPluginManager: Mounting plugin BackChannel
LogPluginManager: Mounting plugin CharacterAI
LogPluginManager: Mounting plugin GeometryCache
LogPluginManager: Mounting plugin HTML5Networking
LogPluginManager: Mounting plugin ProxyLODPlugin
LogPluginManager: Mounting plugin MagicLeap
LogPluginManager: Mounting plugin MagicLeapMedia
LogPluginManager: Mounting plugin AndroidMedia
LogPluginManager: Mounting plugin AvfMedia
LogPluginManager: Mounting plugin ImgMedia
LogPluginManager: Mounting plugin LinearTimecode
LogPluginManager: Mounting plugin MediaCompositing
LogPluginManager: Mounting plugin MediaPlayerEditor
LogPluginManager: Mounting plugin WebMMedia
LogPluginManager: Mounting plugin WmfMedia
LogPluginManager: Mounting plugin TcpMessaging
LogPluginManager: Mounting plugin UdpMessaging
LogPluginManager: Mounting plugin ActorSequence
LogPluginManager: Mounting plugin LevelSequenceEditor
LogPluginManager: Mounting plugin MatineeToLevelSequence
LogPluginManager: Mounting plugin NetcodeUnitTest
LogPluginManager: Mounting plugin NUTUnrealEngine4
LogPluginManager: Mounting plugin OnlineSubsystemGooglePlay
LogPluginManager: Mounting plugin OnlineSubsystemIOS
LogPluginManager: Mounting plugin OnlineSubsystem
LogPluginManager: Mounting plugin OnlineSubsystemNull
LogPluginManager: Mounting plugin OnlineSubsystemUtils
LogPluginManager: Mounting plugin LauncherChunkInstaller
LogPluginManager: Mounting plugin AndroidDeviceProfileSelector
LogPluginManager: Mounting plugin AndroidMoviePlayer
LogPluginManager: Mounting plugin AndroidPermission
LogPluginManager: Mounting plugin AppleMoviePlayer
LogPluginManager: Mounting plugin ArchVisCharacter
LogPluginManager: Mounting plugin AudioCapture
LogPluginManager: Mounting plugin CableComponent
LogPluginManager: Mounting plugin CustomMeshComponent
LogPluginManager: Mounting plugin EditableMesh
LogPluginManager: Mounting plugin ExampleDeviceProfileSelector
LogPluginManager: Mounting plugin Firebase
LogPluginManager: Mounting plugin GoogleCloudMessaging
LogPluginManager: Mounting plugin IOSDeviceProfileSelector
LogPluginManager: Mounting plugin LinuxDeviceProfileSelector
LogPluginManager: Mounting plugin LocationServicesBPLibrary
LogPluginManager: Mounting plugin MobilePatchingUtils
LogPluginManager: Mounting plugin OculusVR
LogPluginManager: Mounting plugin PhysXVehicles
LogPluginManager: Mounting plugin ProceduralMeshComponent
LogPluginManager: Mounting plugin RuntimePhysXCooking
LogPluginManager: Mounting plugin SteamVR
LogPluginManager: Mounting plugin WebMMoviePlayer
LogPluginManager: Mounting plugin WindowsMoviePlayer
LogStreaming: Display: Took  0.377s to configure plugins.
LogInit: Using libcurl 7.55.1-DEV
LogInit:  - built for x86_64-pc-win32
LogInit:  - supports SSL with OpenSSL/1.0.2h
LogInit:  - supports HTTP deflate (compression) using libz 1.2.8
LogInit:  - other features:
LogInit:      CURL_VERSION_SSL
LogInit:      CURL_VERSION_LIBZ
LogInit:      CURL_VERSION_IPV6
LogInit:      CURL_VERSION_ASYNCHDNS
LogInit:      CURL_VERSION_LARGEFILE
LogInit:      CURL_VERSION_IDN
LogInit:  CurlRequestOptions (configurable via config and command line):
LogInit:  - bVerifyPeer = true  - Libcurl will verify peer certificate
LogInit:  - bUseHttpProxy = false  - Libcurl will NOT use HTTP proxy
LogInit:  - bDontReuseConnections = false  - Libcurl will reuse connections
LogInit:  - MaxHostConnections = 16  - Libcurl will limit the number of connections to a host
LogInit:  - LocalHostAddr = Default
LogInit:  - BufferSize = 65536
LogInit: WinSock: version 1.1 (2.2), MaxSocks=32767, MaxUdp=65467
LogInit: Build: ++UE4+Release-4.21-CL-4613538
LogInit: Engine Version: 4.21.1-4613538+++UE4+Release-4.21
LogInit: Compatible Engine Version: 4.21.0-4541578+++UE4+Release-4.21
LogInit: Net CL: 4541578
LogInit: OS: Windows 10 (), CPU: Intel(R) Core(TM) i5-4460  CPU @ 3.20GHz, GPU: NVIDIA GeForce GTX 1050 Ti
LogInit: Compiled (64-bit): Nov 30 2018 04:13:25
LogInit: Compiled with Visual C++: 19.13.26129.00
LogInit: Build Configuration: Development
LogInit: Branch Name: ++UE4+Release-4.21
LogInit: Command Line: 
LogInit: Base Directory: C:/Users/david/Desktop/Hell/UE_4.21/Engine/Binaries/Win64/
LogInit: Installed Engine Build: 1
LogDevObjectVersion: Number of dev versions registered: 22
LogDevObjectVersion:   Dev-Blueprints (B0D832E4-1F89-4F0D-ACCF-7EB736FD4AA2): 10
LogDevObjectVersion:   Dev-Build (E1C64328-A22C-4D53-A36C-8E866417BD8C): 0
LogDevObjectVersion:   Dev-Core (375EC13C-06E4-48FB-B500-84F0262A717E): 2
LogDevObjectVersion:   Dev-Editor (E4B068ED-F494-42E9-A231-DA0B2E46BB41): 26
LogDevObjectVersion:   Dev-Framework (CFFC743F-43B0-4480-9391-14DF171D2073): 34
LogDevObjectVersion:   Dev-Mobile (B02B49B5-BB20-44E9-A304-32B752E40360): 2
LogDevObjectVersion:   Dev-Networking (A4E4105C-59A1-49B5-A7C5-40C4547EDFEE): 0
LogDevObjectVersion:   Dev-Online (39C831C9-5AE6-47DC-9A44-9C173E1C8E7C): 0
LogDevObjectVersion:   Dev-Physics (78F01B33-EBEA-4F98-B9B4-84EACCB95AA2): 0
LogDevObjectVersion:   Dev-Platform (6631380F-2D4D-43E0-8009-CF276956A95A): 0
LogDevObjectVersion:   Dev-Rendering (12F88B9F-8875-4AFC-A67C-D90C383ABD29): 27
LogDevObjectVersion:   Dev-Sequencer (7B5AE74C-D270-4C10-A958-57980B212A5A): 9
LogDevObjectVersion:   Dev-VR (D7296918-1DD6-4BDD-9DE2-64A83CC13884): 2
LogDevObjectVersion:   Dev-LoadTimes (C2A15278-BFE7-4AFE-6C17-90FF531DF755): 1
LogDevObjectVersion:   Private-Geometry (6EACA3D4-40EC-4CC1-B786-8BED09428FC5): 3
LogDevObjectVersion:   Dev-AnimPhys (29E575DD-E0A3-4627-9D10-D276232CDCEA): 17
LogDevObjectVersion:   Dev-Anim (AF43A65D-7FD3-4947-9873-3E8ED9C1BB05): 2
LogDevObjectVersion:   Dev-ReflectionCapture (6B266CEC-1EC7-4B8F-A30B-E4D90942FC07): 1
LogDevObjectVersion:   Dev-Automation (0DF73D61-A23F-47EA-B727-89E90C41499A): 1
LogDevObjectVersion:   FortniteMain (601D1886-AC64-4F84-AA16-D3DE0DEAC7D6): 17
LogDevObjectVersion:   Dev-Enterprise (9DFFBCD6-494F-0158-E221-12823C92A888): 4
LogDevObjectVersion:   Dev-Niagara (F2AED0AC-9AFE-416F-8664-AA7FFA26D6FC): 1
LogStreaming: Display: Took  0.104s to delete old logs.
LogInit: Presizing for max 8388607 objects, including 0 objects not considered by GC, pre-allocating 0 bytes for permanent pool.
LogInit: Object subsystem initialized
LogConfig: Setting CVar [[con.DebugEarlyDefault:1]]
LogConfig: Setting CVar [[r.setres:1280x720]]
[2019.03.13-17.45.35:386][  0]LogConfig: Setting CVar [[r.VSync:0]]
[2019.03.13-17.45.35:386][  0]LogConfig: Setting CVar [[r.RHICmdBypass:0]]
[2019.03.13-17.45.35:386][  0]LogConfig: Applying CVar settings from Section [/Script/Engine.RendererSettings] File [C:/Users/david/Desktop/new129/NoName/Saved/Config/Windows/Engine.ini]
[2019.03.13-17.45.35:386][  0]LogConfig: Setting CVar [[r.GPUCrashDebugging:0]]
[2019.03.13-17.45.35:386][  0]LogConfig: Applying CVar settings from Section [/Script/Engine.RendererOverrideSettings] File [C:/Users/david/Desktop/new129/NoName/Saved/Config/Windows/Engine.ini]
[2019.03.13-17.45.35:386][  0]LogConfig: Applying CVar settings from Section [/Script/Engine.StreamingSettings] File [C:/Users/david/Desktop/new129/NoName/Saved/Config/Windows/Engine.ini]
[2019.03.13-17.45.35:386][  0]LogConfig: Setting CVar [[s.MinBulkDataSizeForAsyncLoading:131072]]
[2019.03.13-17.45.35:386][  0]LogConfig: Setting CVar [[s.AsyncLoadingThreadEnabled:0]]
[2019.03.13-17.45.35:386][  0]LogConfig: Setting CVar [[s.EventDrivenLoaderEnabled:1]]
[2019.03.13-17.45.35:386][  0]LogConfig: Setting CVar [[s.WarnIfTimeLimitExceeded:0]]
[2019.03.13-17.45.35:386][  0]LogConfig: Setting CVar [[s.TimeLimitExceededMultiplier:1.5]]
[2019.03.13-17.45.35:386][  0]LogConfig: Setting CVar [[s.TimeLimitExceededMinTime:0.005]]
[2019.03.13-17.45.35:386][  0]LogConfig: Setting CVar [[s.UseBackgroundLevelStreaming:1]]
[2019.03.13-17.45.35:386][  0]LogConfig: Setting CVar [[s.PriorityAsyncLoadingExtraTime:15.0]]
[2019.03.13-17.45.35:386][  0]LogConfig: Setting CVar [[s.LevelStreamingActorsUpdateTimeLimit:5.0]]
[2019.03.13-17.45.35:386][  0]LogConfig: Setting CVar [[s.PriorityLevelStreamingActorsUpdateExtraTime:5.0]]
[2019.03.13-17.45.35:386][  0]LogConfig: Setting CVar [[s.LevelStreamingComponentsRegistrationGranularity:10]]
[2019.03.13-17.45.35:386][  0]LogConfig: Setting CVar [[s.UnregisterComponentsTimeLimit:1.0]]
[2019.03.13-17.45.35:386][  0]LogConfig: Setting CVar [[s.LevelStreamingComponentsUnregistrationGranularity:5]]
[2019.03.13-17.45.35:386][  0]LogConfig: Applying CVar settings from Section [/Script/Engine.GarbageCollectionSettings] File [C:/Users/david/Desktop/new129/NoName/Saved/Config/Windows/Engine.ini]
[2019.03.13-17.45.35:387][  0]LogConfig: Setting CVar [[gc.MaxObjectsNotConsideredByGC:1]]
[2019.03.13-17.45.35:387][  0]LogConfig: Setting CVar [[gc.SizeOfPermanentObjectPool:0]]
[2019.03.13-17.45.35:387][  0]LogConfig: Setting CVar [[gc.FlushStreamingOnGC:0]]
[2019.03.13-17.45.35:387][  0]LogConfig: Setting CVar [[gc.NumRetriesBeforeForcingGC:10]]
[2019.03.13-17.45.35:387][  0]LogConfig: Setting CVar [[gc.AllowParallelGC:1]]
[2019.03.13-17.45.35:387][  0]LogConfig: Setting CVar [[gc.TimeBetweenPurgingPendingKillObjects:61.1]]
[2019.03.13-17.45.35:387][  0]LogConfig: Setting CVar [[gc.MaxObjectsInEditor:8388607]]
[2019.03.13-17.45.35:387][  0]LogConfig: Setting CVar [[gc.IncrementalBeginDestroyEnabled:1]]
[2019.03.13-17.45.35:387][  0]LogConfig: Setting CVar [[gc.CreateGCClusters:1]]
[2019.03.13-17.45.35:387][  0]LogConfig: Setting CVar [[gc.MergeGCClusters:0]]
[2019.03.13-17.45.35:387][  0]LogConfig: Setting CVar [[gc.MinGCClusterSize:5]]
[2019.03.13-17.45.35:387][  0]LogConfig: Setting CVar [[gc.ActorClusteringEnabled:0]]
[2019.03.13-17.45.35:387][  0]LogConfig: Setting CVar [[gc.BlueprintClusteringEnabled:0]]
[2019.03.13-17.45.35:387][  0]LogConfig: Setting CVar [[gc.UseDisregardForGCOnDedicatedServers:0]]
[2019.03.13-17.45.35:387][  0]LogConfig: Applying CVar settings from Section [/Script/Engine.NetworkSettings] File [C:/Users/david/Desktop/new129/NoName/Saved/Config/Windows/Engine.ini]
[2019.03.13-17.45.35:387][  0]LogConfig: Applying CVar settings from Section [/Script/UnrealEd.CookerSettings] File [C:/Users/david/Desktop/new129/NoName/Saved/Config/Windows/Engine.ini]
[2019.03.13-17.45.35:397][  0]LogConfig: Applying CVar settings from Section [ViewDistanceQuality@3] File [C:/Users/david/Desktop/new129/NoName/Saved/Config/Windows/Scalability.ini]
[2019.03.13-17.45.35:397][  0]LogConfig: Setting CVar [[r.SkeletalMeshLODBias:0]]
[2019.03.13-17.45.35:397][  0]LogConfig: Setting CVar [[r.ViewDistanceScale:1.0]]
[2019.03.13-17.45.35:397][  0]LogConfig: Applying CVar settings from Section [AntiAliasingQuality@3] File [C:/Users/david/Desktop/new129/NoName/Saved/Config/Windows/Scalability.ini]
[2019.03.13-17.45.35:397][  0]LogConfig: Setting CVar [[r.PostProcessAAQuality:4]]
[2019.03.13-17.45.35:397][  0]LogConfig: Applying CVar settings from Section [ShadowQuality@3] File [C:/Users/david/Desktop/new129/NoName/Saved/Config/Windows/Scalability.ini]
[2019.03.13-17.45.35:397][  0]LogConfig: Setting CVar [[r.LightFunctionQuality:1]]
[2019.03.13-17.45.35:397][  0]LogConfig: Setting CVar [[r.ShadowQuality:5]]
[2019.03.13-17.45.35:397][  0]LogConfig: Setting CVar [[r.Shadow.CSM.MaxCascades:10]]
[2019.03.13-17.45.35:397][  0]LogConfig: Setting CVar [[r.Shadow.MaxResolution:2048]]
[2019.03.13-17.45.35:397][  0]LogConfig: Setting CVar [[r.Shadow.MaxCSMResolution:2048]]
[2019.03.13-17.45.35:397][  0]LogConfig: Setting CVar [[r.Shadow.RadiusThreshold:0.01]]
[2019.03.13-17.45.35:397][  0]LogConfig: Setting CVar [[r.Shadow.DistanceScale:1.0]]
[2019.03.13-17.45.35:397][  0]LogConfig: Setting CVar [[r.Shadow.CSM.TransitionScale:1.0]]
[2019.03.13-17.45.35:397][  0]LogConfig: Setting CVar [[r.Shadow.PreShadowResolutionFactor:1.0]]
[2019.03.13-17.45.35:397][  0]LogConfig: Setting CVar [[r.DistanceFieldShadowing:1]]
[2019.03.13-17.45.35:397][  0]LogConfig: Setting CVar [[r.DistanceFieldAO:1]]
[2019.03.13-17.45.35:397][  0]LogConfig: Setting CVar [[r.AOQuality:2]]
[2019.03.13-17.45.35:397][  0]LogConfig: Setting CVar [[r.VolumetricFog:1]]
[2019.03.13-17.45.35:397][  0]LogConfig: Setting CVar [[r.VolumetricFog.GridPixelSize:8]]
[2019.03.13-17.45.35:397][  0]LogConfig: Setting CVar [[r.VolumetricFog.GridSizeZ:128]]
[2019.03.13-17.45.35:397][  0]LogConfig: Setting CVar [[r.VolumetricFog.HistoryMissSupersampleCount:4]]
[2019.03.13-17.45.35:397][  0]LogConfig: Setting CVar [[r.LightMaxDrawDistanceScale:1]]
[2019.03.13-17.45.35:397][  0]LogConfig: Setting CVar [[r.CapsuleShadows:1]]
[2019.03.13-17.45.35:397][  0]LogConfig: Applying CVar settings from Section [PostProcessQuality@3] File [C:/Users/david/Desktop/new129/NoName/Saved/Config/Windows/Scalability.ini]
[2019.03.13-17.45.35:397][  0]LogConfig: Setting CVar [[r.MotionBlurQuality:4]]
[2019.03.13-17.45.35:397][  0]LogConfig: Setting CVar [[r.AmbientOcclusionMipLevelFactor:0.4]]
[2019.03.13-17.45.35:397][  0]LogConfig: Setting CVar [[r.AmbientOcclusionMaxQuality:100]]
[2019.03.13-17.45.35:397][  0]LogConfig: Setting CVar [[r.AmbientOcclusionLevels:-1]]
[2019.03.13-17.45.35:397][  0]LogConfig: Setting CVar [[r.AmbientOcclusionRadiusScale:1.0]]
[2019.03.13-17.45.35:397][  0]LogConfig: Setting CVar [[r.DepthOfFieldQuality:2]]
[2019.03.13-17.45.35:397][  0]LogConfig: Setting CVar [[r.RenderTargetPoolMin:400]]
[2019.03.13-17.45.35:397][  0]LogConfig: Setting CVar [[r.LensFlareQuality:2]]
[2019.03.13-17.45.35:397][  0]LogConfig: Setting CVar [[r.SceneColorFringeQuality:1]]
[2019.03.13-17.45.35:397][  0]LogConfig: Setting CVar [[r.EyeAdaptationQuality:2]]
[2019.03.13-17.45.35:397][  0]LogConfig: Setting CVar [[r.BloomQuality:5]]
[2019.03.13-17.45.35:397][  0]LogConfig: Setting CVar [[r.FastBlurThreshold:100]]
[2019.03.13-17.45.35:397][  0]LogConfig: Setting CVar [[r.Upscale.Quality:3]]
[2019.03.13-17.45.35:397][  0]LogConfig: Setting CVar [[r.Tonemapper.GrainQuantization:1]]
[2019.03.13-17.45.35:397][  0]LogConfig: Setting CVar [[r.LightShaftQuality:1]]
[2019.03.13-17.45.35:397][  0]LogConfig: Setting CVar [[r.Filter.SizeScale:1]]
[2019.03.13-17.45.35:397][  0]LogConfig: Setting CVar [[r.Tonemapper.Quality:5]]
[2019.03.13-17.45.35:398][  0]LogConfig: Setting CVar [[r.DOF.Gather.AccumulatorQuality:1        ; higher gathering accumulator quality]]
[2019.03.13-17.45.35:398][  0]LogConfig: Setting CVar [[r.DOF.Gather.PostfilterMethod:1          ; Median3x3 postfilering method]]
[2019.03.13-17.45.35:398][  0]LogConfig: Setting CVar [[r.DOF.Gather.EnableBokehSettings:0       ; no bokeh simulation when gathering]]
[2019.03.13-17.45.35:398][  0]LogConfig: Setting CVar [[r.DOF.Gather.RingCount:4                 ; medium number of samples when gathering]]
[2019.03.13-17.45.35:398][  0]LogConfig: Setting CVar [[r.DOF.Scatter.ForegroundCompositing:1    ; additive foreground scattering]]
[2019.03.13-17.45.35:398][  0]LogConfig: Setting CVar [[r.DOF.Scatter.BackgroundCompositing:2    ; additive background scattering]]
[2019.03.13-17.45.35:398][  0]LogConfig: Setting CVar [[r.DOF.Scatter.EnableBokehSettings:1      ; bokeh simulation when scattering]]
[2019.03.13-17.45.35:398][  0]LogConfig: Setting CVar [[r.DOF.Scatter.MaxSpriteRatio:0.1         ; only a maximum of 10% of scattered bokeh]]
[2019.03.13-17.45.35:398][  0]LogConfig: Setting CVar [[r.DOF.Recombine.Quality:1                ; cheap slight out of focus]]
[2019.03.13-17.45.35:398][  0]LogConfig: Setting CVar [[r.DOF.Recombine.EnableBokehSettings:0    ; no bokeh simulation on slight out of focus]]
[2019.03.13-17.45.35:398][  0]LogConfig: Setting CVar [[r.DOF.TemporalAAQuality:1                ; more stable temporal accumulation]]
[2019.03.13-17.45.35:398][  0]LogConfig: Setting CVar [[r.DOF.Kernel.MaxForegroundRadius:0.025]]
[2019.03.13-17.45.35:398][  0]LogConfig: Setting CVar [[r.DOF.Kernel.MaxBackgroundRadius:0.025]]
[2019.03.13-17.45.35:398][  0]LogConfig: Applying CVar settings from Section [TextureQuality@3] File [C:/Users/david/Desktop/new129/NoName/Saved/Config/Windows/Scalability.ini]
[2019.03.13-17.45.35:398][  0]LogConfig: Setting CVar [[r.Streaming.MipBias:0]]
[2019.03.13-17.45.35:398][  0]LogConfig: Setting CVar [[r.Streaming.AmortizeCPUToGPUCopy:0]]
[2019.03.13-17.45.35:398][  0]LogConfig: Setting CVar [[r.Streaming.MaxNumTexturesToStreamPerFrame:0]]
[2019.03.13-17.45.35:398][  0]LogConfig: Setting CVar [[r.Streaming.Boost:1]]
[2019.03.13-17.45.35:398][  0]LogConfig: Setting CVar [[r.MaxAnisotropy:8]]
[2019.03.13-17.45.35:398][  0]LogConfig: Setting CVar [[r.Streaming.LimitPoolSizeToVRAM:0]]
[2019.03.13-17.45.35:398][  0]LogConfig: Setting CVar [[r.Streaming.PoolSize:1000]]
[2019.03.13-17.45.35:398][  0]LogConfig: Setting CVar [[r.Streaming.MaxEffectiveScreenSize:0]]
[2019.03.13-17.45.35:398][  0]LogConfig: Applying CVar settings from Section [EffectsQuality@3] File [C:/Users/david/Desktop/new129/NoName/Saved/Config/Windows/Scalability.ini]
[2019.03.13-17.45.35:398][  0]LogConfig: Setting CVar [[r.TranslucencyLightingVolumeDim:64]]
[2019.03.13-17.45.35:398][  0]LogConfig: Setting CVar [[r.RefractionQuality:2]]
[2019.03.13-17.45.35:398][  0]LogConfig: Setting CVar [[r.SSR.Quality:3]]
[2019.03.13-17.45.35:398][  0]LogConfig: Setting CVar [[r.SceneColorFormat:4]]
[2019.03.13-17.45.35:398][  0]LogConfig: Setting CVar [[r.DetailMode:2]]
[2019.03.13-17.45.35:398][  0]LogConfig: Setting CVar [[r.TranslucencyVolumeBlur:1]]
[2019.03.13-17.45.35:398][  0]LogConfig: Setting CVar [[r.MaterialQualityLevel:1 ; High quality]]
[2019.03.13-17.45.35:398][  0]LogConfig: Setting CVar [[r.SSS.Scale:1]]
[2019.03.13-17.45.35:398][  0]LogConfig: Setting CVar [[r.SSS.SampleSet:2]]
[2019.03.13-17.45.35:398][  0]LogConfig: Setting CVar [[r.SSS.Quality:1]]
[2019.03.13-17.45.35:398][  0]LogConfig: Setting CVar [[r.SSS.HalfRes:1]]
[2019.03.13-17.45.35:398][  0]LogConfig: Setting CVar [[r.EmitterSpawnRateScale:1.0]]
[2019.03.13-17.45.35:398][  0]LogConfig: Setting CVar [[r.ParticleLightQuality:2]]
[2019.03.13-17.45.35:398][  0]LogConfig: Applying CVar settings from Section [FoliageQuality@3] File [C:/Users/david/Desktop/new129/NoName/Saved/Config/Windows/Scalability.ini]
[2019.03.13-17.45.35:398][  0]LogConfig: Setting CVar [[foliage.DensityScale:1.0]]
[2019.03.13-17.45.35:398][  0]LogConfig: Setting CVar [[grass.DensityScale:1.0]]
[2019.03.13-17.45.35:398][  0]LogInit: Selected Device Profile: [Windows]
[2019.03.13-17.45.35:398][  0]LogInit: Applying CVar settings loaded from the selected device profile: [Windows]
[2019.03.13-17.45.35:471][  0]LogHAL: Display: Platform has ~ 12 GB [12833755136 / 17179869184 / 12], which maps to Larger [LargestMinGB=32, LargerMinGB=12, DefaultMinGB=8, SmallerMinGB=6, SmallestMinGB=0)
[2019.03.13-17.45.35:471][  0]LogConfig: Setting CVar [[r.Vulkan.UseRealUBs:1]]
[2019.03.13-17.45.35:471][  0]LogInit: Going up to parent DeviceProfile []
[2019.03.13-17.45.35:471][  0]LogConfig: Applying CVar settings from Section [ViewDistanceQuality@2] File [C:/Users/david/Desktop/new129/NoName/Saved/Config/Windows/Scalability.ini]
[2019.03.13-17.45.35:471][  0]LogConfig: Setting CVar [[r.SkeletalMeshLODBias:0]]
[2019.03.13-17.45.35:471][  0]LogConfig: Setting CVar [[r.ViewDistanceScale:0.8]]
[2019.03.13-17.45.35:471][  0]LogConfig: Applying CVar settings from Section [AntiAliasingQuality@2] File [C:/Users/david/Desktop/new129/NoName/Saved/Config/Windows/Scalability.ini]
[2019.03.13-17.45.35:471][  0]LogConfig: Setting CVar [[r.PostProcessAAQuality:3]]
[2019.03.13-17.45.35:471][  0]LogConfig: Applying CVar settings from Section [ShadowQuality@2] File [C:/Users/david/Desktop/new129/NoName/Saved/Config/Windows/Scalability.ini]
[2019.03.13-17.45.35:471][  0]LogConfig: Setting CVar [[r.LightFunctionQuality:1]]
[2019.03.13-17.45.35:471][  0]LogConfig: Setting CVar [[r.ShadowQuality:5]]
[2019.03.13-17.45.35:471][  0]LogConfig: Setting CVar [[r.Shadow.CSM.MaxCascades:4]]
[2019.03.13-17.45.35:471][  0]LogConfig: Setting CVar [[r.Shadow.MaxResolution:1024]]
[2019.03.13-17.45.35:471][  0]LogConfig: Setting CVar [[r.Shadow.MaxCSMResolution:2048]]
[2019.03.13-17.45.35:471][  0]LogConfig: Setting CVar [[r.Shadow.RadiusThreshold:0.04]]
[2019.03.13-17.45.35:471][  0]LogConfig: Setting CVar [[r.Shadow.DistanceScale:0.85]]
[2019.03.13-17.45.35:471][  0]LogConfig: Setting CVar [[r.Shadow.CSM.TransitionScale:0.8]]
[2019.03.13-17.45.35:471][  0]LogConfig: Setting CVar [[r.Shadow.PreShadowResolutionFactor:0.5]]
[2019.03.13-17.45.35:471][  0]LogConfig: Setting CVar [[r.DistanceFieldShadowing:1]]
[2019.03.13-17.45.35:471][  0]LogConfig: Setting CVar [[r.DistanceFieldAO:1]]
[2019.03.13-17.45.35:471][  0]LogConfig: Setting CVar [[r.AOQuality:1]]
[2019.03.13-17.45.35:471][  0]LogConfig: Setting CVar [[r.VolumetricFog:1]]
[2019.03.13-17.45.35:471][  0]LogConfig: Setting CVar [[r.VolumetricFog.GridPixelSize:16]]
[2019.03.13-17.45.35:471][  0]LogConfig: Setting CVar [[r.VolumetricFog.GridSizeZ:64]]
[2019.03.13-17.45.35:471][  0]LogConfig: Setting CVar [[r.VolumetricFog.HistoryMissSupersampleCount:4]]
[2019.03.13-17.45.35:471][  0]LogConfig: Setting CVar [[r.LightMaxDrawDistanceScale:1]]
[2019.03.13-17.45.35:471][  0]LogConfig: Setting CVar [[r.CapsuleShadows:1]]
[2019.03.13-17.45.35:471][  0]LogConfig: Applying CVar settings from Section [PostProcessQuality@2] File [C:/Users/david/Desktop/new129/NoName/Saved/Config/Windows/Scalability.ini]
[2019.03.13-17.45.35:471][  0]LogConfig: Setting CVar [[r.MotionBlurQuality:3]]
[2019.03.13-17.45.35:471][  0]LogConfig: Setting CVar [[r.AmbientOcclusionMipLevelFactor:0.6]]
[2019.03.13-17.45.35:471][  0]LogConfig: Setting CVar [[r.AmbientOcclusionMaxQuality:100]]
[2019.03.13-17.45.35:471][  0]LogConfig: Setting CVar [[r.AmbientOcclusionLevels:-1]]
[2019.03.13-17.45.35:471][  0]LogConfig: Setting CVar [[r.AmbientOcclusionRadiusScale:1.5]]
[2019.03.13-17.45.35:471][  0]LogConfig: Setting CVar [[r.DepthOfFieldQuality:2]]
[2019.03.13-17.45.35:471][  0]LogConfig: Setting CVar [[r.RenderTargetPoolMin:400]]
[2019.03.13-17.45.35:471][  0]LogConfig: Setting CVar [[r.LensFlareQuality:2]]
[2019.03.13-17.45.35:471][  0]LogConfig: Setting CVar [[r.SceneColorFringeQuality:1]]
[2019.03.13-17.45.35:471][  0]LogConfig: Setting CVar [[r.EyeAdaptationQuality:2]]
[2019.03.13-17.45.35:471][  0]LogConfig: Setting CVar [[r.BloomQuality:5]]
[2019.03.13-17.45.35:471][  0]LogConfig: Setting CVar [[r.FastBlurThreshold:3]]
[2019.03.13-17.45.35:471][  0]LogConfig: Setting CVar [[r.Upscale.Quality:2]]
[2019.03.13-17.45.35:471][  0]LogConfig: Setting CVar [[r.Tonemapper.GrainQuantization:1]]
[2019.03.13-17.45.35:471][  0]LogConfig: Setting CVar [[r.LightShaftQuality:1]]
[2019.03.13-17.45.35:471][  0]LogConfig: Setting CVar [[r.Filter.SizeScale:0.8]]
[2019.03.13-17.45.35:471][  0]LogConfig: Setting CVar [[r.Tonemapper.Quality:5]]
[2019.03.13-17.45.35:471][  0]LogConfig: Setting CVar [[r.DOF.Gather.AccumulatorQuality:0        ; lower gathering accumulator quality]]
[2019.03.13-17.45.35:471][  0]LogConfig: Setting CVar [[r.DOF.Gather.PostfilterMethod:2          ; Max3x3 postfilering method]]
[2019.03.13-17.45.35:471][  0]LogConfig: Setting CVar [[r.DOF.Gather.EnableBokehSettings:0       ; no bokeh simulation when gathering]]
[2019.03.13-17.45.35:471][  0]LogConfig: Setting CVar [[r.DOF.Gather.RingCount:4                 ; medium number of samples when gathering]]
[2019.03.13-17.45.35:471][  0]LogConfig: Setting CVar [[r.DOF.Scatter.ForegroundCompositing:1    ; additive foreground scattering]]
[2019.03.13-17.45.35:471][  0]LogConfig: Setting CVar [[r.DOF.Scatter.BackgroundCompositing:1    ; no background occlusion]]
[2019.03.13-17.45.35:471][  0]LogConfig: Setting CVar [[r.DOF.Scatter.EnableBokehSettings:0      ; no bokeh simulation when scattering]]
[2019.03.13-17.45.35:471][  0]LogConfig: Setting CVar [[r.DOF.Scatter.MaxSpriteRatio:0.04        ; only a maximum of 4% of scattered bokeh]]
[2019.03.13-17.45.35:471][  0]LogConfig: Setting CVar [[r.DOF.Recombine.Quality:0                ; no slight out of focus]]
[2019.03.13-17.45.35:471][  0]LogConfig: Setting CVar [[r.DOF.TemporalAAQuality:0                ; faster temporal accumulation]]
[2019.03.13-17.45.35:471][  0]LogConfig: Setting CVar [[r.DOF.Kernel.MaxForegroundRadius:0.012   ; required because of AccumulatorQuality=0]]
[2019.03.13-17.45.35:471][  0]LogConfig: Setting CVar [[r.DOF.Kernel.MaxBackgroundRadius:0.012   ; required because of AccumulatorQuality=0]]
[2019.03.13-17.45.35:471][  0]LogConfig: Applying CVar settings from Section [TextureQuality@2] File [C:/Users/david/Desktop/new129/NoName/Saved/Config/Windows/Scalability.ini]
[2019.03.13-17.45.35:471][  0]LogConfig: Setting CVar [[r.Streaming.MipBias:0]]
[2019.03.13-17.45.35:471][  0]LogConfig: Setting CVar [[r.Streaming.AmortizeCPUToGPUCopy:0]]
[2019.03.13-17.45.35:471][  0]LogConfig: Setting CVar [[r.Streaming.MaxNumTexturesToStreamPerFrame:0]]
[2019.03.13-17.45.35:471][  0]LogConfig: Setting CVar [[r.Streaming.Boost:1]]
[2019.03.13-17.45.35:471][  0]LogConfig: Setting CVar [[r.MaxAnisotropy:4]]
[2019.03.13-17.45.35:471][  0]LogConfig: Setting CVar [[r.Streaming.LimitPoolSizeToVRAM:1]]
[2019.03.13-17.45.35:471][  0]LogConfig: Setting CVar [[r.Streaming.PoolSize:800]]
[2019.03.13-17.45.35:471][  0]LogConfig: Setting CVar [[r.Streaming.MaxEffectiveScreenSize:0]]
[2019.03.13-17.45.35:471][  0]LogConfig: Applying CVar settings from Section [EffectsQuality@2] File [C:/Users/david/Desktop/new129/NoName/Saved/Config/Windows/Scalability.ini]
[2019.03.13-17.45.35:471][  0]LogConfig: Setting CVar [[r.TranslucencyLightingVolumeDim:48]]
[2019.03.13-17.45.35:471][  0]LogConfig: Setting CVar [[r.RefractionQuality:2]]
[2019.03.13-17.45.35:471][  0]LogConfig: Setting CVar [[r.SSR.Quality:2]]
[2019.03.13-17.45.35:471][  0]LogConfig: Setting CVar [[r.SceneColorFormat:3]]
[2019.03.13-17.45.35:471][  0]LogConfig: Setting CVar [[r.DetailMode:1]]
[2019.03.13-17.45.35:471][  0]LogConfig: Setting CVar [[r.TranslucencyVolumeBlur:1]]
[2019.03.13-17.45.35:471][  0]LogConfig: Setting CVar [[r.MaterialQualityLevel:1 ; High quality]]
[2019.03.13-17.45.35:471][  0]LogConfig: Setting CVar [[r.SSS.Scale:1]]
[2019.03.13-17.45.35:472][  0]LogConfig: Setting CVar [[r.SSS.SampleSet:1]]
[2019.03.13-17.45.35:472][  0]LogConfig: Setting CVar [[r.SSS.Quality:-1]]
[2019.03.13-17.45.35:472][  0]LogConfig: Setting CVar [[r.SSS.HalfRes:1]]
[2019.03.13-17.45.35:472][  0]LogConfig: Setting CVar [[r.EmitterSpawnRateScale:0.5]]
[2019.03.13-17.45.35:472][  0]LogConfig: Setting CVar [[r.ParticleLightQuality:1]]
[2019.03.13-17.45.35:472][  0]LogConfig: Applying CVar settings from Section [FoliageQuality@2] File [C:/Users/david/Desktop/new129/NoName/Saved/Config/Windows/Scalability.ini]
[2019.03.13-17.45.35:472][  0]LogConfig: Setting CVar [[foliage.DensityScale:0.8]]
[2019.03.13-17.45.35:472][  0]LogConfig: Setting CVar [[grass.DensityScale:0.8]]
[2019.03.13-17.45.35:472][  0]LogConfig: Applying CVar settings from Section [Startup] File [../../../Engine/Config/ConsoleVariables.ini]
[2019.03.13-17.45.35:472][  0]LogConfig: Setting CVar [[net.UseAdaptiveNetUpdateFrequency:0]]
[2019.03.13-17.45.35:472][  0]LogConfig: Applying CVar settings from Section [ConsoleVariables] File [C:/Users/david/Desktop/new129/NoName/Saved/Config/Windows/Engine.ini]
[2019.03.13-17.45.35:472][  0]LogInit: Computer: BIGGOLDENBOI
[2019.03.13-17.45.35:472][  0]LogInit: User: david
[2019.03.13-17.45.35:472][  0]LogInit: CPU Page size=4096, Cores=4
[2019.03.13-17.45.35:472][  0]LogInit: High frequency timer resolution =3.117792 MHz
[2019.03.13-17.45.35:472][  0]LogMemory: Memory total: Physical=12.0GB (12GB approx)
[2019.03.13-17.45.35:472][  0]LogMemory: Platform Memory Stats for Windows
[2019.03.13-17.45.35:472][  0]LogMemory: Process Physical Memory: 103.31 MB used, 103.31 MB peak
[2019.03.13-17.45.35:472][  0]LogMemory: Process Virtual Memory: 96.62 MB used, 96.62 MB peak
[2019.03.13-17.45.35:472][  0]LogMemory: Physical Memory: 4612.83 MB used,  7626.39 MB free, 12239.22 MB total
[2019.03.13-17.45.35:472][  0]LogMemory: Virtual Memory: 4645.87 MB used,  134213080.00 MB free, 134217728.00 MB total
[2019.03.13-17.45.35:488][  0]LogInit: Using OS detected language (en-US).
[2019.03.13-17.45.35:488][  0]LogInit: Using OS detected locale (en-US).
[2019.03.13-17.45.35:489][  0]LogTextLocalizationManager: No specific localization for 'en-US' exists, so the 'en' localization will be used.
[2019.03.13-17.45.35:900][  0]LogStreaming: Display: Took  0.411s to InitEngineTextLocalization.
[2019.03.13-17.45.35:900][  0]LogInit: Setting process to per monitor DPI aware
[2019.03.13-17.45.35:929][  0]LogSlate: New Slate User Created.  User Index 0, Is Virtual User: 0
[2019.03.13-17.45.35:929][  0]LogSlate: Slate User Registered.  User Index 0, Is Virtual User: 0
[2019.03.13-17.45.36:110][  0]LogHMD: Failed to initialize OpenVR with code 110
[2019.03.13-17.45.36:110][  0]LogD3D11RHI: D3D11 adapters:
[2019.03.13-17.45.36:186][  0]LogD3D11RHI:    0. 'NVIDIA GeForce GTX 1050 Ti' (Feature Level 11_0)
[2019.03.13-17.45.36:186][  0]LogD3D11RHI:       4018/0/6119 MB DedicatedVideo/DedicatedSystem/SharedSystem, Outputs:2, VendorId:0x10de
[2019.03.13-17.45.36:187][  0]LogD3D11RHI:    1. 'Microsoft Basic Render Driver' (Feature Level 11_0)
[2019.03.13-17.45.36:187][  0]LogD3D11RHI:       0/0/6119 MB DedicatedVideo/DedicatedSystem/SharedSystem, Outputs:0, VendorId:0x1414
[2019.03.13-17.45.36:188][  0]LogD3D11RHI: Chosen D3D11 Adapter: 0
[2019.03.13-17.45.36:193][  0]LogD3D11RHI: Creating new Direct3DDevice
[2019.03.13-17.45.36:193][  0]LogD3D11RHI:     GPU DeviceId: 0x1c82 (for the marketing name, search the web for "GPU Device Id")
[2019.03.13-17.45.36:193][  0]LogWindows: EnumDisplayDevices:
[2019.03.13-17.45.36:193][  0]LogWindows:    0. 'NVIDIA GeForce GTX 1050 Ti' (P:1 D:1)
[2019.03.13-17.45.36:193][  0]LogWindows:    1. 'NVIDIA GeForce GTX 1050 Ti' (P:0 D:1)
[2019.03.13-17.45.36:193][  0]LogWindows:    2. 'NVIDIA GeForce GTX 1050 Ti' (P:0 D:0)
[2019.03.13-17.45.36:193][  0]LogWindows:    3. 'NVIDIA GeForce GTX 1050 Ti' (P:0 D:0)
[2019.03.13-17.45.36:194][  0]LogWindows: DebugString: FoundDriverCount:4 
[2019.03.13-17.45.36:194][  0]LogD3D11RHI:     Adapter Name: NVIDIA GeForce GTX 1050 Ti
[2019.03.13-17.45.36:194][  0]LogD3D11RHI:   Driver Version: 411.63 (internal:24.21.14.1163, unified:411.63)
[2019.03.13-17.45.36:194][  0]LogD3D11RHI:      Driver Date: 9-18-2018
[2019.03.13-17.45.36:194][  0]LogRHI: Texture pool is 2812 MB (70% of 4018 MB)
[2019.03.13-17.45.36:233][  0]LogD3D11RHI: Async texture creation enabled
[2019.03.13-17.45.36:380][  0]LogD3D11RHI: GPU Timing Frequency: 1000.000000 (Debug: 2 2)
[2019.03.13-17.45.36:764][  0]LogTemp: Display: Loaded TP AllDesktopTargetPlatform
[2019.03.13-17.45.36:777][  0]LogTemp: Display: Loaded TP MacClientTargetPlatform
[2019.03.13-17.45.36:791][  0]LogTemp: Display: Loaded TP MacNoEditorTargetPlatform
[2019.03.13-17.45.36:805][  0]LogTemp: Display: Loaded TP MacServerTargetPlatform
[2019.03.13-17.45.36:820][  0]LogTemp: Display: Loaded TP MacTargetPlatform
[2019.03.13-17.45.36:834][  0]LogTemp: Display: Loaded TP WindowsClientTargetPlatform
[2019.03.13-17.45.36:849][  0]LogTemp: Display: Loaded TP WindowsNoEditorTargetPlatform
[2019.03.13-17.45.36:863][  0]LogTemp: Display: Loaded TP WindowsServerTargetPlatform
[2019.03.13-17.45.36:870][  0]LogTemp: Display: Loaded TP WindowsTargetPlatform
[2019.03.13-17.45.36:946][  0]LogTemp: Display: Loaded TP AndroidTargetPlatform
[2019.03.13-17.45.36:946][  0]LogTemp: Display: Loaded TP AndroidTargetPlatform
[2019.03.13-17.45.36:946][  0]LogTemp: Display: Loaded TP AndroidTargetPlatform
[2019.03.13-17.45.36:946][  0]LogTemp: Display: Loaded TP AndroidTargetPlatform
[2019.03.13-17.45.36:946][  0]LogTemp: Display: Loaded TP AndroidTargetPlatform
[2019.03.13-17.45.36:946][  0]LogTemp: Display: Loaded TP AndroidTargetPlatform
[2019.03.13-17.45.36:947][  0]LogTemp: Display: Loaded TP AndroidTargetPlatform
[2019.03.13-17.45.36:947][  0]LogTemp: Display: Loaded TP AndroidTargetPlatform
[2019.03.13-17.45.36:947][  0]LogTemp: Display: Loaded TP AndroidTargetPlatform
[2019.03.13-17.45.36:947][  0]LogTemp: Display: Loaded TP AndroidTargetPlatform
[2019.03.13-17.45.36:947][  0]LogTemp: Display: Loaded TP AndroidTargetPlatform
[2019.03.13-17.45.36:947][  0]LogTemp: Display: Loaded TP AndroidTargetPlatform
[2019.03.13-17.45.36:947][  0]LogTemp: Display: Loaded TP AndroidTargetPlatform
[2019.03.13-17.45.36:947][  0]LogTemp: Display: Loaded TP AndroidTargetPlatform
[2019.03.13-17.45.36:947][  0]LogTemp: Display: Loaded TP AndroidTargetPlatform
[2019.03.13-17.45.36:947][  0]LogTemp: Display: Loaded TP AndroidTargetPlatform
[2019.03.13-17.45.36:947][  0]LogTemp: Display: Loaded TP AndroidTargetPlatform
[2019.03.13-17.45.36:947][  0]LogTemp: Display: Loaded TP AndroidTargetPlatform
[2019.03.13-17.45.36:948][  0]LogTemp: Display: Loaded TP HTML5TargetPlatform
[2019.03.13-17.45.37:008][  0]LogTemp: Display: Loaded TP IOSTargetPlatform
[2019.03.13-17.45.37:008][  0]LogTemp: Display: Loaded TP IOSTargetPlatform
[2019.03.13-17.45.37:031][  0]LogTemp: Display: Loaded TP TVOSTargetPlatform
[2019.03.13-17.45.37:031][  0]LogTemp: Display: Loaded TP TVOSTargetPlatform
[2019.03.13-17.45.37:044][  0]LogTemp: Display: Loaded TP LinuxClientTargetPlatform
[2019.03.13-17.45.37:057][  0]LogTemp: Display: Loaded TP LinuxNoEditorTargetPlatform
[2019.03.13-17.45.37:069][  0]LogTemp: Display: Loaded TP LinuxServerTargetPlatform
[2019.03.13-17.45.37:082][  0]LogTemp: Display: Loaded TP LinuxTargetPlatform
[2019.03.13-17.45.37:128][  0]LogTemp: Display: Loaded TP LuminTargetPlatform
[2019.03.13-17.45.37:128][  0]LogTemp: Display: Loaded TP LuminTargetPlatform
[2019.03.13-17.45.37:128][  0]LogTargetPlatformManager: Display: Building Assets For Windows
[2019.03.13-17.45.37:183][  0]LogShaderCompilers: Guid format shader working directory is 18 characters bigger than the processId version (../../../../../new129/NoName/Intermediate/Shaders/WorkingDirectory/8936/).
[2019.03.13-17.45.37:184][  0]LogShaderCompilers: Cleaned the shader compiler working directory 'C:/Users/david/AppData/Local/Temp/UnrealShaderWorkingDir/3998AF2D4C50A4841D74D78CB1907804/'.
[2019.03.13-17.45.37:186][  0]LogXGEController: Cannot use XGE Controller as Incredibuild is not installed on this machine.
[2019.03.13-17.45.37:186][  0]LogShaderCompilers: Cannot use XGE Shader Compiler as Incredibuild is not installed on this machine.
[2019.03.13-17.45.37:186][  0]LogShaderCompilers: Display: Using Local Shader Compiler.
[2019.03.13-17.45.37:788][  0]LogDerivedDataCache: Display: Max Cache Size: 512 MB
[2019.03.13-17.45.37:850][  0]LogDerivedDataCache: Loaded boot cache 0.06s 75MB C:/Users/david/AppData/Local/UnrealEngine/4.21/DerivedDataCache/Boot.ddc.
[2019.03.13-17.45.37:850][  0]LogDerivedDataCache: Display: Loaded Boot cache: C:/Users/david/AppData/Local/UnrealEngine/4.21/DerivedDataCache/Boot.ddc
[2019.03.13-17.45.37:850][  0]LogDerivedDataCache: FDerivedDataBackendGraph:  Pak pak cache file ../../../../../new129/NoName/DerivedDataCache/DDC.ddp not found, will not use a pak cache.
[2019.03.13-17.45.37:850][  0]LogDerivedDataCache: Unable to find inner node Pak for hierarchical cache Hierarchy.
[2019.03.13-17.45.37:850][  0]LogDerivedDataCache: FDerivedDataBackendGraph:  CompressedPak pak cache file ../../../../../new129/NoName/DerivedDataCache/Compressed.ddp not found, will not use a pak cache.
[2019.03.13-17.45.37:850][  0]LogDerivedDataCache: Unable to find inner node CompressedPak for hierarchical cache Hierarchy.
[2019.03.13-17.45.37:868][  0]LogDerivedDataCache: Display: Pak cache opened for reading ../../../Engine/DerivedDataCache/Compressed.ddp.
[2019.03.13-17.45.37:868][  0]LogDerivedDataCache: FDerivedDataBackendGraph:  EnterprisePak pak cache file ../../../Enterprise/DerivedDataCache/Compressed.ddp not found, will not use a pak cache.
[2019.03.13-17.45.37:868][  0]LogDerivedDataCache: Unable to find inner node EnterprisePak for hierarchical cache Hierarchy.
[2019.03.13-17.45.37:880][  0]LogDerivedDataCache: Using Local data cache path C:/Users/david/AppData/Local/UnrealEngine/Common/DerivedDataCache: Writable
[2019.03.13-17.45.37:880][  0]LogDerivedDataCache: Shared data cache path not found in *engine.ini, will not use an Shared cache.
[2019.03.13-17.45.37:880][  0]LogDerivedDataCache: Unable to find inner node Shared for hierarchical cache Hierarchy.
[2019.03.13-17.45.37:905][  0]LogMaterial: Verifying Global Shaders for PCD3D_SM5
[2019.03.13-17.45.37:906][  0]LogSlate: Using FreeType 2.6.0
[2019.03.13-17.45.37:907][  0]LogSlate: SlateFontServices - WITH_FREETYPE: 1, WITH_HARFBUZZ: 1
[2019.03.13-17.45.37:994][  0]LogAssetRegistry: FAssetRegistry took 0.0340 seconds to start up
[2019.03.13-17.45.38:326][  0]LogInit: Selected Device Profile: [Windows]
[2019.03.13-17.45.38:484][  0]LogSimplygon: Simplygon DLL not present - disabling.
[2019.03.13-17.45.38:487][  0]LogMeshReduction: Using SimplygonSwarm for distributed automatic mesh merging
[2019.03.13-17.45.38:487][  0]LogMeshReduction: Using ProxyLODMeshReduction for automatic mesh merging
[2019.03.13-17.45.38:487][  0]LogMeshReduction: Using QuadricMeshReduction for automatic static mesh reduction
[2019.03.13-17.45.38:487][  0]LogMeshReduction: No automatic skeletal mesh reduction module available
[2019.03.13-17.45.38:500][  0]LogNetVersion: NoName 1.0.0, NetCL: 4541578, EngineNetVer: 5, GameNetVer: 0 (Checksum: 3471971105)
[2019.03.13-17.45.39:155][  0]LogPackageLocalizationCache: Processed 11 localized package path(s) for 2 prioritized culture(s) in 0.162603 seconds
[2019.03.13-17.45.39:161][  0]LogUObjectArray: 39775 objects as part of root set at end of initial load.
[2019.03.13-17.45.39:161][  0]LogUObjectAllocator: 6914656 out of 0 bytes used by permanent object pool.
[2019.03.13-17.45.39:161][  0]LogUObjectArray: CloseDisregardForGC: 0/0 objects in disregard for GC pool
[2019.03.13-17.45.40:012][  0]LogTcpMessaging: Initializing TcpMessaging bridge
[2019.03.13-17.45.40:025][  0]LogUdpMessaging: Initializing bridge on interface 0.0.0.0:0 to multicast group 230.0.0.1:6666.
[2019.03.13-17.45.40:687][  0]SourceControl: Source control is disabled
[2019.03.13-17.45.40:687][  0]SourceControl: Source control is disabled
[2019.03.13-17.45.40:688][  0]SourceControl: Source control is disabled
[2019.03.13-17.45.40:689][  0]SourceControl: Source control is disabled
[2019.03.13-17.45.40:864][  0]LogAndroidPermission: UAndroidPermissionCallbackProxy::GetInstance
[2019.03.13-17.45.40:928][  0]LogOcInput: OculusInput pre-init called
[2019.03.13-17.45.41:066][  0]LogEngine: Initializing Engine...
[2019.03.13-17.45.41:067][  0]LogHMD: Failed to initialize OpenVR with code 110
[2019.03.13-17.45.41:068][  0]LogStats: UGameplayTagsManager::ConstructGameplayTagTree: ImportINI prefixes -  0.000 s
[2019.03.13-17.45.41:068][  0]LogStats: UGameplayTagsManager::ConstructGameplayTagTree: Construct from data asset -  0.000 s
[2019.03.13-17.45.41:068][  0]LogStats: UGameplayTagsManager::ConstructGameplayTagTree: ImportINI -  0.000 s
[2019.03.13-17.45.41:068][  0]LogStats: UGameplayTagsManager::ConstructGameplayTagTree: GameplayTagTreeChangedEvent.Broadcast -  0.000 s
[2019.03.13-17.45.41:305][  0]LogInit: Initializing FReadOnlyCVARCache
[2019.03.13-17.45.41:320][  0]LogAIModule: Creating AISystem for world Untitled
[2019.03.13-17.45.41:328][  0]LogInit: XAudio2 using 'Headset Earphone (HyperX 7.1 Audio)' : 2 channels at 48 kHz using 16 bits per sample (channel mask 0x3)
[2019.03.13-17.45.41:346][  0]LogInit: FAudioDevice initialized.
[2019.03.13-17.45.41:347][  0]LogNetVersion: Set ProjectVersion to 1.0.0.0. Version Checksum will be recalculated on next use.
[2019.03.13-17.45.41:526][  0]LogDerivedDataCache: Saved boot cache 0.18s 75MB C:/Users/david/AppData/Local/UnrealEngine/4.21/DerivedDataCache/Boot.ddc.
[2019.03.13-17.45.41:539][  0]LogInit: Texture streaming: Enabled
[2019.03.13-17.45.41:559][  0]LogEngineSessionManager: EngineSessionManager initialized
[2019.03.13-17.45.41:595][  0]LogInit: Transaction tracking system initialized
[2019.03.13-17.45.41:621][  0]BlueprintLog: New page: Editor Load
[2019.03.13-17.45.41:696][  0]LocalizationService: Localization service is disabled
[2019.03.13-17.45.42:240][  0]LogFileCache: Scanning file cache for directory 'C:/Users/david/Desktop/new129/NoName/Content/' took 0.02s
[2019.03.13-17.45.42:240][  0]LogCook: Display: Max memory allowance for cook 16384mb min free memory 0mb
[2019.03.13-17.45.42:240][  0]LogCook: Display: Mobile HDR setting 1
[2019.03.13-17.45.42:240][  0]LogGameplayTags: Display: UGameplayTagsManager::DoneAddingNativeTags. DelegateIsBound: 0
[2019.03.13-17.45.42:240][  0]LogStats: UGameplayTagsManager::ConstructGameplayTagTree: ImportINI prefixes -  0.000 s
[2019.03.13-17.45.42:240][  0]LogStats: UGameplayTagsManager::ConstructGameplayTagTree: Construct from data asset -  0.000 s
[2019.03.13-17.45.42:240][  0]LogStats: UGameplayTagsManager::ConstructGameplayTagTree: ImportINI -  0.000 s
[2019.03.13-17.45.42:240][  0]LogStats: UGameplayTagsManager::ConstructGameplayTagTree: GameplayTagTreeChangedEvent.Broadcast -  0.000 s
[2019.03.13-17.45.42:362][  0]SourceControl: Source control is disabled
[2019.03.13-17.45.42:362][  0]Cmd: MAP LOAD FILE="../../../../../new129/NoName/Content/SideScrollerBP/Maps/SideScrollerExampleMap.umap" TEMPLATE=0 SHOWPROGRESS=1 FEATURELEVEL=3
[2019.03.13-17.45.42:362][  0]LogEditorServer: Warning: Can't find file '../../../../../new129/NoName/Content/SideScrollerBP/Maps/SideScrollerExampleMap.umap'
[2019.03.13-17.45.42:362][  0]Cmd: MAP CHECKDEP NOCLEARLOG
[2019.03.13-17.45.42:363][  0]MapCheck: Map check complete: 0 Error(s), 0 Warning(s), took 0.146ms to complete.
[2019.03.13-17.45.42:363][  0]LogFileHelpers: Loading map 'SideScrollerExampleMap' took 0.000
[2019.03.13-17.45.42:849][  0]LogSlate: Updating window title bar state: overlay mode, drag disabled, window buttons hidden, title bar hidden
[2019.03.13-17.45.42:887][  0]LogSlate: Updating window title bar state: overlay mode, drag disabled, window buttons hidden, title bar hidden
[2019.03.13-17.45.42:903][  0]LogSlate: Updating window title bar state: overlay mode, drag disabled, window buttons hidden, title bar hidden
[2019.03.13-17.45.42:920][  0]LogSlate: Updating window title bar state: overlay mode, drag disabled, window buttons hidden, title bar hidden
[2019.03.13-17.45.43:039][  0]LogCollectionManager: Loaded 0 collections in 0.003733 seconds
[2019.03.13-17.45.43:167][  0]LogFileCache: Scanning file cache for directory 'C:/Users/david/Desktop/new129/NoName/Saved/Collections/' took 0.01s
[2019.03.13-17.45.43:167][  0]LogFileCache: Scanning file cache for directory 'C:/Users/david/Desktop/new129/NoName/Content/Developers/david/Collections/' took 0.00s
[2019.03.13-17.45.43:168][  0]LogFileCache: Scanning file cache for directory 'C:/Users/david/Desktop/new129/NoName/Content/Collections/' took 0.00s
[2019.03.13-17.45.43:168][  0]LogCollectionManager: Rebuilt the GUID cache for 0 collections in 0.000001 seconds
[2019.03.13-17.45.43:192][  0]LogContentBrowser: Native class hierarchy populated in 0.0224 seconds. Added 2651 classes and 620 folders.
[2019.03.13-17.45.43:255][  0]LogContentBrowser: Native class hierarchy updated for 'WidgetCarousel' in 0.0003 seconds. Added 0 classes and 0 folders.
[2019.03.13-17.45.43:344][  0]LogPakFile: Registered encryption key '00000000000000000000000000000000': 0 pak files mounted, 0 remain pending
[2019.03.13-17.45.43:410][  0]LogPakFile: Registered encryption key '00000000000000000000000000000000': 0 pak files mounted, 0 remain pending
[2019.03.13-17.45.43:441][  0]LogPakFile: Registered encryption key '00000000000000000000000000000000': 0 pak files mounted, 0 remain pending
[2019.03.13-17.45.43:454][  0]LogPakFile: Registered encryption key '00000000000000000000000000000000': 0 pak files mounted, 0 remain pending
[2019.03.13-17.45.43:467][  0]LogPakFile: Registered encryption key '00000000000000000000000000000000': 0 pak files mounted, 0 remain pending
[2019.03.13-17.45.43:488][  0]LogPakFile: Registered encryption key '00000000000000000000000000000000': 0 pak files mounted, 0 remain pending
[2019.03.13-17.45.43:498][  0]LogPakFile: Registered encryption key '00000000000000000000000000000000': 0 pak files mounted, 0 remain pending
[2019.03.13-17.45.43:652][  0]LogPakFile: Registered encryption key '00000000000000000000000000000000': 0 pak files mounted, 0 remain pending
[2019.03.13-17.45.43:709][  0]LogPakFile: Registered encryption key '00000000000000000000000000000000': 0 pak files mounted, 0 remain pending
[2019.03.13-17.45.43:741][  0]LogPakFile: Registered encryption key '00000000000000000000000000000000': 0 pak files mounted, 0 remain pending
[2019.03.13-17.45.43:763][  0]LogPakFile: Registered encryption key '00000000000000000000000000000000': 0 pak files mounted, 0 remain pending
[2019.03.13-17.45.43:781][  0]LogPakFile: Registered encryption key '00000000000000000000000000000000': 0 pak files mounted, 0 remain pending
[2019.03.13-17.45.43:800][  0]LogPakFile: Registered encryption key '00000000000000000000000000000000': 0 pak files mounted, 0 remain pending
[2019.03.13-17.45.43:814][  0]LogPakFile: Registered encryption key '00000000000000000000000000000000': 0 pak files mounted, 0 remain pending
[2019.03.13-17.45.43:836][  0]LogPakFile: Registered encryption key '00000000000000000000000000000000': 0 pak files mounted, 0 remain pending
[2019.03.13-17.45.43:843][  0]LogPakFile: Registered encryption key '00000000000000000000000000000000': 0 pak files mounted, 0 remain pending
[2019.03.13-17.45.43:886][  0]LogPakFile: Registered encryption key '00000000000000000000000000000000': 0 pak files mounted, 0 remain pending
[2019.03.13-17.45.43:906][  0]LogPakFile: Registered encryption key '00000000000000000000000000000000': 0 pak files mounted, 0 remain pending
[2019.03.13-17.45.43:920][  0]LogPakFile: Registered encryption key '00000000000000000000000000000000': 0 pak files mounted, 0 remain pending
[2019.03.13-17.45.43:936][  0]LogPakFile: Registered encryption key '00000000000000000000000000000000': 0 pak files mounted, 0 remain pending
[2019.03.13-17.45.43:995][  0]LogPakFile: Registered encryption key '00000000000000000000000000000000': 0 pak files mounted, 0 remain pending
[2019.03.13-17.45.44:034][  0]LogPakFile: Registered encryption key '00000000000000000000000000000000': 0 pak files mounted, 0 remain pending
[2019.03.13-17.45.44:048][  0]LogPakFile: Registered encryption key '00000000000000000000000000000000': 0 pak files mounted, 0 remain pending
[2019.03.13-17.45.44:059][  0]LogPakFile: Registered encryption key '00000000000000000000000000000000': 0 pak files mounted, 0 remain pending
[2019.03.13-17.45.44:082][  0]LogPakFile: Registered encryption key '00000000000000000000000000000000': 0 pak files mounted, 0 remain pending
[2019.03.13-17.45.44:097][  0]LogPakFile: Registered encryption key '00000000000000000000000000000000': 0 pak files mounted, 0 remain pending
[2019.03.13-17.45.45:185][  0]LogContentBrowser: Native class hierarchy updated for 'AddContentDialog' in 0.0009 seconds. Added 0 classes and 0 folders.
[2019.03.13-17.45.45:257][  0]LogContentBrowser: Native class hierarchy updated for 'SceneOutliner' in 0.0005 seconds. Added 1 classes and 2 folders.
[2019.03.13-17.45.46:072][  0]LogSlate: Took 0.000540 seconds to synchronously load lazily loaded font '../../../Engine/Content/Slate/Fonts/Roboto-Regular.ttf' (155K)
[2019.03.13-17.45.46:078][  0]LogSlate: Took 0.000490 seconds to synchronously load lazily loaded font '../../../Engine/Content/Slate/Fonts/Roboto-Bold.ttf' (160K)
[2019.03.13-17.45.46:118][  0]LogSlate: Took 0.016049 seconds to synchronously load lazily loaded font '../../../Engine/Content/Editor/Slate/Fonts/FontAwesome.ttf' (139K)
[2019.03.13-17.45.46:629][  0]LogRenderer: Reallocating scene render targets to support 1224x788 Format 9 NumSamples 1 (Frame:1).
[2019.03.13-17.45.46:982][  0]LogContentBrowser: Native class hierarchy updated for 'HierarchicalLODOutliner' in 0.0003 seconds. Added 0 classes and 0 folders.
[2019.03.13-17.45.46:982][  0]LogLoad: (Engine Initialization) Total time: 14.40 seconds
[2019.03.13-17.45.46:982][  0]LogLoad: (Engine Initialization) Total Blueprint compile time: 0.00 seconds
[2019.03.13-17.45.46:992][  0]LogWindowsTextInputMethodSystem: Display: IME system now deactivated.
[2019.03.13-17.45.47:048][  0]LogAssetRegistry: Asset discovery search completed in 9.0745 seconds
[2019.03.13-17.45.47:050][  0]LogCollectionManager: Rebuilt the object cache for 0 collections in 0.000000 seconds (found 0 objects)
[2019.03.13-17.45.47:050][  0]LogCollectionManager: Fixed up redirectors for 0 collections in 0.000036 seconds (updated 0 objects)
[2019.03.13-17.45.47:051][  0]LogContentStreaming: Texture pool size now 800 MB
[2019.03.13-17.45.47:205][  0]LogSlate: Took 0.017332 seconds to synchronously load lazily loaded font '../../../Engine/Content/Slate/Fonts/Roboto-Light.ttf' (167K)
[2019.03.13-17.45.48:050][ 59]LogSlate: Took 0.000198 seconds to synchronously load lazily loaded font '../../../Engine/Content/Slate/Fonts/Roboto-Light.ttf' (167K)
[2019.03.13-17.45.53:725][731]LogSlate: FSceneViewport::OnFocusLost() reason 0
[2019.03.13-17.46.13:955][674]LogLinker: Warning: Can't find file '/Game/SideScrollerBP/Meshes/GreyRed'
[2019.03.13-17.46.13:955][674]LogLinker: Warning: Can't find file for asset '/Game/SideScrollerBP/Meshes/GreyRed' while loading ../../../../../new129/NoName/Content/SideScrollerBP/Meshes/building1.uasset.
[2019.03.13-17.46.13:955][674]LoadErrors: Error: /Game/SideScrollerBP/Meshes/building1 : Can't find file for asset. /Game/SideScrollerBP/Meshes/GreyRed
[2019.03.13-17.46.13:956][674]LogLinker: Warning: Can't find file '/Game/SideScrollerBP/Meshes/GreyRed'
[2019.03.13-17.46.13:956][674]LogLinker: Warning: Can't find file for asset '/Game/SideScrollerBP/Meshes/GreyRed' while loading ../../../../../new129/NoName/Content/SideScrollerBP/Meshes/building1.uasset.
[2019.03.13-17.46.13:998][674]LogLinker: Warning: Can't find file '/Game/SideScrollerBP/Meshes/dude_material'
[2019.03.13-17.46.13:998][674]LogLinker: Warning: Can't find file for asset '/Game/SideScrollerBP/Meshes/dude_material' while loading ../../../../../new129/NoName/Content/SideScrollerBP/Meshes/Dude.uasset.
[2019.03.13-17.46.13:998][674]LoadErrors: Error: /Game/SideScrollerBP/Meshes/Dude : Can't find file for asset. /Game/SideScrollerBP/Meshes/dude_material
[2019.03.13-17.46.13:998][674]LogLinker: Warning: Can't find file '/Game/SideScrollerBP/Meshes/Eye_Material'
[2019.03.13-17.46.13:999][674]LogLinker: Warning: Can't find file for asset '/Game/SideScrollerBP/Meshes/Eye_Material' while loading ../../../../../new129/NoName/Content/SideScrollerBP/Meshes/Dude.uasset.
[2019.03.13-17.46.13:999][674]LoadErrors: Error: /Game/SideScrollerBP/Meshes/Dude : Can't find file for asset. /Game/SideScrollerBP/Meshes/Eye_Material
[2019.03.13-17.46.13:999][674]LogLinker: Warning: Can't find file '/Game/SideScrollerBP/Meshes/Hair'
[2019.03.13-17.46.14:000][674]LogLinker: Warning: Can't find file for asset '/Game/SideScrollerBP/Meshes/Hair' while loading ../../../../../new129/NoName/Content/SideScrollerBP/Meshes/Dude.uasset.
[2019.03.13-17.46.14:000][674]LoadErrors: Error: /Game/SideScrollerBP/Meshes/Dude : Can't find file for asset. /Game/SideScrollerBP/Meshes/Hair
[2019.03.13-17.46.14:000][674]LogLinker: Warning: Can't find file '/Game/SideScrollerBP/Meshes/dude_material'
[2019.03.13-17.46.14:000][674]LogLinker: Warning: Can't find file for asset '/Game/SideScrollerBP/Meshes/dude_material' while loading ../../../../../new129/NoName/Content/SideScrollerBP/Meshes/Dude.uasset.
[2019.03.13-17.46.14:000][674]LogLinker: Warning: Can't find file '/Game/SideScrollerBP/Meshes/Eye_Material'
[2019.03.13-17.46.14:001][674]LogLinker: Warning: Can't find file for asset '/Game/SideScrollerBP/Meshes/Eye_Material' while loading ../../../../../new129/NoName/Content/SideScrollerBP/Meshes/Dude.uasset.
[2019.03.13-17.46.14:001][674]LogLinker: Warning: Can't find file '/Game/SideScrollerBP/Meshes/Hair'
[2019.03.13-17.46.14:001][674]LogLinker: Warning: Can't find file for asset '/Game/SideScrollerBP/Meshes/Hair' while loading ../../../../../new129/NoName/Content/SideScrollerBP/Meshes/Dude.uasset.
[2019.03.13-17.46.14:068][674]LogLinker: Warning: Can't find file '/Game/SideScrollerBP/Meshes/GreyBlue'
[2019.03.13-17.46.14:069][674]LogLinker: Warning: Can't find file for asset '/Game/SideScrollerBP/Meshes/GreyBlue' while loading ../../../../../new129/NoName/Content/SideScrollerBP/Meshes/Dumpster.uasset.
[2019.03.13-17.46.14:069][674]LoadErrors: Error: /Game/SideScrollerBP/Meshes/Dumpster : Can't find file for asset. /Game/SideScrollerBP/Meshes/GreyBlue
[2019.03.13-17.46.14:070][674]LogLinker: Warning: Can't find file '/Game/SideScrollerBP/Meshes/GreyBlue'
[2019.03.13-17.46.14:071][674]LogLinker: Warning: Can't find file for asset '/Game/SideScrollerBP/Meshes/GreyBlue' while loading ../../../../../new129/NoName/Content/SideScrollerBP/Meshes/Dumpster.uasset.
[2019.03.13-17.46.14:349][674]LogLinker: Warning: Can't find file '/Game/SideScrollerBP/Meshes/SidewalkMaterial'
[2019.03.13-17.46.14:350][674]LogLinker: Warning: Can't find file for asset '/Game/SideScrollerBP/Meshes/SidewalkMaterial' while loading ../../../../../new129/NoName/Content/SideScrollerBP/Meshes/Sidewalk.uasset.
[2019.03.13-17.46.14:350][674]LoadErrors: Error: /Game/SideScrollerBP/Meshes/Sidewalk : Can't find file for asset. /Game/SideScrollerBP/Meshes/SidewalkMaterial
[2019.03.13-17.46.14:350][674]LogLinker: Warning: Can't find file '/Game/SideScrollerBP/Meshes/SidewalkMaterial'
[2019.03.13-17.46.14:350][674]LogLinker: Warning: Can't find file for asset '/Game/SideScrollerBP/Meshes/SidewalkMaterial' while loading ../../../../../new129/NoName/Content/SideScrollerBP/Meshes/Sidewalk.uasset.
[2019.03.13-17.46.14:485][674]LogLinker: Warning: Can't find file '/Game/SideScrollerBP/Meshes/Lightwood'
[2019.03.13-17.46.14:486][674]LogLinker: Warning: Can't find file for asset '/Game/SideScrollerBP/Meshes/Lightwood' while loading ../../../../../new129/NoName/Content/SideScrollerBP/Meshes/Woodfence.uasset.
[2019.03.13-17.46.14:486][674]LoadErrors: Error: /Game/SideScrollerBP/Meshes/Woodfence : Can't find file for asset. /Game/SideScrollerBP/Meshes/Lightwood
[2019.03.13-17.46.14:487][674]LogLinker: Warning: Can't find file '/Game/SideScrollerBP/Meshes/Lightwood'
[2019.03.13-17.46.14:487][674]LogLinker: Warning: Can't find file for asset '/Game/SideScrollerBP/Meshes/Lightwood' while loading ../../../../../new129/NoName/Content/SideScrollerBP/Meshes/Woodfence.uasset.
[2019.03.13-17.46.14:661][674]LogLinker: Warning: Can't find file '/Game/SideScrollerBP/Meshes/Lightwood'
[2019.03.13-17.46.14:661][674]LoadErrors: Failed to load /Game/SideScrollerBP/Meshes/Lightwood.Lightwood Referenced by Woodfence
[2019.03.13-17.46.14:662][674]LogLinker: Warning: Can't find file for asset '/Game/SideScrollerBP/Meshes/Lightwood' while loading NULL.
[2019.03.13-17.46.14:663][674]LogLinker: Warning: Can't find file '/Game/SideScrollerBP/Meshes/Lightwood'
[2019.03.13-17.46.14:664][674]LogLinker: Warning: Can't find file for asset '/Game/SideScrollerBP/Meshes/Lightwood' while loading NULL.
[2019.03.13-17.46.14:666][674]LogLinker: Warning: Can't find file '/Game/SideScrollerBP/Meshes/SidewalkMaterial'
[2019.03.13-17.46.14:667][674]LoadErrors: Failed to load /Game/SideScrollerBP/Meshes/SidewalkMaterial.SidewalkMaterial Referenced by Sidewalk
[2019.03.13-17.46.14:667][674]LogLinker: Warning: Can't find file for asset '/Game/SideScrollerBP/Meshes/SidewalkMaterial' while loading NULL.
[2019.03.13-17.46.14:668][674]LogLinker: Warning: Can't find file '/Game/SideScrollerBP/Meshes/SidewalkMaterial'
[2019.03.13-17.46.14:669][674]LogLinker: Warning: Can't find file for asset '/Game/SideScrollerBP/Meshes/SidewalkMaterial' while loading NULL.
[2019.03.13-17.46.14:976][674]LogLinker: Warning: Can't find file '/Game/SideScrollerBP/Meshes/GreyBlue'
[2019.03.13-17.46.14:976][674]LoadErrors: Failed to load /Game/SideScrollerBP/Meshes/GreyBlue.GreyBlue Referenced by Dumpster
[2019.03.13-17.46.14:976][674]LogLinker: Warning: Can't find file for asset '/Game/SideScrollerBP/Meshes/GreyBlue' while loading NULL.
[2019.03.13-17.46.14:976][674]LogLinker: Warning: Can't find file '/Game/SideScrollerBP/Meshes/GreyBlue'
[2019.03.13-17.46.14:976][674]LogLinker: Warning: Can't find file for asset '/Game/SideScrollerBP/Meshes/GreyBlue' while loading NULL.
[2019.03.13-17.46.14:983][674]LogLinker: Warning: Can't find file '/Game/SideScrollerBP/Meshes/Eye_Material'
[2019.03.13-17.46.14:983][674]LoadErrors: Failed to load /Game/SideScrollerBP/Meshes/Eye_Material.Eye_Material Referenced by Dude
[2019.03.13-17.46.14:983][674]LogLinker: Warning: Can't find file for asset '/Game/SideScrollerBP/Meshes/Eye_Material' while loading NULL.
[2019.03.13-17.46.14:984][674]LogLinker: Warning: Can't find file '/Game/SideScrollerBP/Meshes/dude_material'
[2019.03.13-17.46.14:984][674]LoadErrors: Failed to load /Game/SideScrollerBP/Meshes/dude_material.dude_material Referenced by Dude
[2019.03.13-17.46.14:984][674]LogLinker: Warning: Can't find file for asset '/Game/SideScrollerBP/Meshes/dude_material' while loading NULL.
[2019.03.13-17.46.14:984][674]LogLinker: Warning: Can't find file '/Game/SideScrollerBP/Meshes/Hair'
[2019.03.13-17.46.14:984][674]LoadErrors: Failed to load /Game/SideScrollerBP/Meshes/Hair.Hair Referenced by Dude
[2019.03.13-17.46.14:984][674]LogLinker: Warning: Can't find file for asset '/Game/SideScrollerBP/Meshes/Hair' while loading NULL.
[2019.03.13-17.46.14:985][674]LogLinker: Warning: Can't find file '/Game/SideScrollerBP/Meshes/Eye_Material'
[2019.03.13-17.46.14:985][674]LogLinker: Warning: Can't find file for asset '/Game/SideScrollerBP/Meshes/Eye_Material' while loading NULL.
[2019.03.13-17.46.14:985][674]LogLinker: Warning: Can't find file '/Game/SideScrollerBP/Meshes/dude_material'
[2019.03.13-17.46.14:985][674]LogLinker: Warning: Can't find file for asset '/Game/SideScrollerBP/Meshes/dude_material' while loading NULL.
[2019.03.13-17.46.14:985][674]LogLinker: Warning: Can't find file '/Game/SideScrollerBP/Meshes/Hair'
[2019.03.13-17.46.14:985][674]LogLinker: Warning: Can't find file for asset '/Game/SideScrollerBP/Meshes/Hair' while loading NULL.
[2019.03.13-17.46.14:986][674]LogLinker: Warning: Can't find file '/Game/SideScrollerBP/Meshes/GreyRed'
[2019.03.13-17.46.14:986][674]LoadErrors: Failed to load /Game/SideScrollerBP/Meshes/GreyRed.GreyRed Referenced by building1
[2019.03.13-17.46.14:986][674]LogLinker: Warning: Can't find file for asset '/Game/SideScrollerBP/Meshes/GreyRed' while loading NULL.
[2019.03.13-17.46.14:986][674]LogLinker: Warning: Can't find file '/Game/SideScrollerBP/Meshes/GreyRed'
[2019.03.13-17.46.14:987][674]LogLinker: Warning: Can't find file for asset '/Game/SideScrollerBP/Meshes/GreyRed' while loading NULL.
[2019.03.13-17.46.18:631][674]LogMaterial: Display: Missing cached shader map for material trunk_color, compiling. 
[2019.03.13-17.46.18:643][674]LogMaterial: Warning: C:\Users\david\Desktop\new129\NoName\Content\SideScrollerBP\Materials\Tree\trunk_color.uasset: Failed to compile Material for platform PCD3D_SM5, Default Material will be used in game.
[2019.03.13-17.46.18:643][674]LogMaterial: 	(Node CollectionParameter) CollectionParameter has invalid parameter None
[2019.03.13-17.46.20:625][674]LogAIModule: Creating AISystem for world Level1
[2019.03.13-17.46.20:780][674]LogAssetEditorManager: Opening Asset editor for World /Game/SideScrollerBP/Maps/Level1.Level1
[2019.03.13-17.46.20:816][674]Cmd: MAP LOAD FILE="../../../../../new129/NoName/Content/SideScrollerBP/Maps/Level1.umap" TEMPLATE=0 SHOWPROGRESS=1 FEATURELEVEL=3
[2019.03.13-17.46.20:817][674]LightingResults: New page: Lighting Build
[2019.03.13-17.46.20:819][674]LogContentBrowser: Native class hierarchy updated for 'StatsViewer' in 0.0003 seconds. Added 5 classes and 0 folders.
[2019.03.13-17.46.20:820][674]LoadErrors: New page: Loading map: Level1.umap
[2019.03.13-17.46.20:821][674]MapCheck: New page: Map Check
[2019.03.13-17.46.20:821][674]LightingResults: New page: Lighting Build
[2019.03.13-17.46.21:009][674]LogEditorServer: Finished looking for orphan Actors (0.000 secs)
[2019.03.13-17.46.21:115][674]Cmd: MAP CHECKDEP NOCLEARLOG
[2019.03.13-17.46.21:116][674]MapCheck: Map check complete: 0 Error(s), 0 Warning(s), took 0.141ms to complete.
[2019.03.13-17.46.21:116][674]LogFileHelpers: Loading map 'Level1' took 0.301
[2019.03.13-17.48.53:134][980]LogSlate: FSceneViewport::OnFocusLost() reason 2
[2019.03.13-17.50.11:333][451]LogAssetEditorManager: Opening Asset editor for Blueprint /Game/SideScrollerBP/Blueprints/Boom.Boom
[2019.03.13-17.50.12:726][451]LogContentBrowser: Native class hierarchy updated for 'BlueprintGraph' in 0.0018 seconds. Added 117 classes and 0 folders.
[2019.03.13-17.50.14:282][451]LogSlate: Took 0.014297 seconds to synchronously load lazily loaded font '../../../Engine/Content/Slate/Fonts/Roboto-BoldCondensed.ttf' (158K)
[2019.03.13-17.50.14:857][452]LogSlate: Took 0.021993 seconds to synchronously load lazily loaded font '../../../Engine/Content/Slate/Fonts/Roboto-Italic.ttf' (157K)
[2019.03.13-17.50.56:301][795]AssetReimport: New page: Outstanding source content changes 3:50:56 AM
[2019.03.13-17.50.56:323][796]LogFactory: FactoryCreateFile: SoundWave with ReimportSoundFactory (0 0 C:/Users/david/Desktop/new129/NoName/Content/Audio/boombox.wav)
[2019.03.13-17.50.56:441][797]Cmd: OBJ SAVEPACKAGE PACKAGE="/Game/Audio/boombox" FILE="../../../../../new129/NoName/Content/Audio/boombox.uasset" SILENT=true
[2019.03.13-17.50.56:479][797]LogSavePackage: Moving '../../../../../new129/NoName/Saved/boombox4956C3864F80F6F19AA35AAA09767238.tmp' to '../../../../../new129/NoName/Content/Audio/boombox.uasset'
[2019.03.13-17.50.59:497][ 45]AssetReimport: Importing new asset /Game/Audio/boombox.
[2019.03.13-17.51.09:853][865]LogAudioDerivedData: Display: Building compressed audio format OGG hash OGG wave boombox...
[2019.03.13-17.51.10:036][865]LogAudioDerivedData: Display: Updated SoundWave->RawPCMDataSize from 0 to 841732 while cooking SoundWave /Game/Audio/boombox.boombox.
[2019.03.13-17.51.15:137][297]LogAssetEditorManager: Opening Asset editor for SoundCue /Game/Audio/boombox_Cue.boombox_Cue
[2019.03.13-17.51.35:680][507]Cmd: OBJ SAVEPACKAGE PACKAGE="/Game/Audio/boombox_Cue" FILE="../../../../../new129/NoName/Content/Audio/boombox_Cue.uasset" SILENT=true
[2019.03.13-17.51.35:691][507]LogSavePackage: Moving '../../../../../new129/NoName/Saved/boombox_Cue7DFF90CE481283E61DCBB3B166D2A1EF.tmp' to '../../../../../new129/NoName/Content/Audio/boombox_Cue.uasset'
[2019.03.13-17.52.34:369][214]BlueprintLog: New page: Compile Boom
[2019.03.13-17.52.35:184][236]Cmd: OBJ SAVEPACKAGE PACKAGE="/Game/SideScrollerBP/Blueprints/Boom" FILE="../../../../../new129/NoName/Content/SideScrollerBP/Blueprints/Boom.uasset" SILENT=true
[2019.03.13-17.52.35:348][236]LogSavePackage: Moving '../../../../../new129/NoName/Saved/BoomF1BBC1494FF89607778353965A5C7082.tmp' to '../../../../../new129/NoName/Content/SideScrollerBP/Blueprints/Boom.uasset'
[2019.03.13-17.52.37:019][417]LogTemp: Repeating last play command: Selected Viewport
[2019.03.13-17.52.37:058][417]LogBlueprintUserMessages: Early PlayInEditor Detection: Level '/Game/SideScrollerBP/Maps/Level1.Level1:PersistentLevel' has LevelScriptBlueprint '/Game/SideScrollerBP/Maps/Level1.Level1:PersistentLevel.Level1' with GeneratedClass '/Game/SideScrollerBP/Maps/Level1.Level1_C' with ClassGeneratedBy '/Game/SideScrollerBP/Maps/Level1.Level1:PersistentLevel.Level1'
[2019.03.13-17.52.37:080][417]LogPlayLevel: PlayLevel: No blueprints needed recompiling
[2019.03.13-17.52.37:085][417]PIE: New page: PIE session: Level1 (Mar 13, 2019, 3:52:37 AM)
[2019.03.13-17.52.37:102][417]LogPlayLevel: Creating play world package: /Game/SideScrollerBP/Maps/UEDPIE_0_Level1
[2019.03.13-17.52.37:121][417]LogPlayLevel: PIE: StaticDuplicateObject took: (0.019172s)
[2019.03.13-17.52.37:122][417]LogAIModule: Creating AISystem for world Level1
[2019.03.13-17.52.37:122][417]LogPlayLevel: PIE: World Init took: (0.001007s)
[2019.03.13-17.52.37:122][417]LogPlayLevel: PIE: Created PIE world by copying editor world from /Game/SideScrollerBP/Maps/Level1.Level1 to /Game/SideScrollerBP/Maps/UEDPIE_0_Level1.Level1 (0.020528s)
[2019.03.13-17.52.37:159][417]LogInit: XAudio2 using 'Headset Earphone (HyperX 7.1 Audio)' : 2 channels at 48 kHz using 16 bits per sample (channel mask 0x3)
[2019.03.13-17.52.37:168][417]LogInit: FAudioDevice initialized.
[2019.03.13-17.52.37:236][417]LogLoad: Game class is 'SideScrollerGameMode_C'
[2019.03.13-17.52.37:274][417]LogWorld: Bringing World /Game/SideScrollerBP/Maps/UEDPIE_0_Level1.Level1 up for play (max tick rate 0) at 2019.03.13-10.52.37
[2019.03.13-17.52.37:365][417]LogWorld: Bringing up level for play took: 0.095444
[2019.03.13-17.52.37:432][417]LogContentBrowser: Native class hierarchy updated for 'MovieSceneCapture' in 0.0005 seconds. Added 20 classes and 0 folders.
[2019.03.13-17.52.37:433][417]PIE: Play in editor start time for /Game/SideScrollerBP/Maps/UEDPIE_0_Level1 1.144
[2019.03.13-17.52.37:433][417]LogBlueprintUserMessages: Late PlayInEditor Detection: Level '/Game/SideScrollerBP/Maps/Level1.Level1:PersistentLevel' has LevelScriptBlueprint '/Game/SideScrollerBP/Maps/Level1.Level1:PersistentLevel.Level1' with GeneratedClass '/Game/SideScrollerBP/Maps/Level1.Level1_C' with ClassGeneratedBy '/Game/SideScrollerBP/Maps/Level1.Level1:PersistentLevel.Level1'
[2019.03.13-17.52.37:473][417]LogAudio: Warning: Detected orphaned looping sound 'boombox_Cue'.
[2019.03.13-17.52.40:644][777]LogBlueprintUserMessages: [Boom_2] Input Enabled
[2019.03.13-17.52.41:910][929]LogBlueprintUserMessages: [Boom_2] Input Disabled
[2019.03.13-17.52.42:118][954]LogBlueprintUserMessages: [Boom_2] Input Enabled
[2019.03.13-17.52.45:395][346]LogBlueprintUserMessages: [Boom_2] Input Disabled
[2019.03.13-17.52.46:263][450]LogBlueprintUserMessages: Early EndPlayMap Detection: Level '/Game/SideScrollerBP/Maps/Level1.Level1:PersistentLevel' has LevelScriptBlueprint '/Game/SideScrollerBP/Maps/Level1.Level1:PersistentLevel.Level1' with GeneratedClass '/Game/SideScrollerBP/Maps/Level1.Level1_C' with ClassGeneratedBy '/Game/SideScrollerBP/Maps/Level1.Level1:PersistentLevel.Level1'
[2019.03.13-17.52.46:263][450]LogSlate: Updating window title bar state: overlay mode, drag disabled, window buttons hidden, title bar hidden
[2019.03.13-17.52.46:355][450]LogPlayLevel: Display: Shutting down PIE online subsystems
[2019.03.13-17.52.46:356][450]LogBlueprintUserMessages: Late EndPlayMap Detection: Level '/Game/SideScrollerBP/Maps/Level1.Level1:PersistentLevel' has LevelScriptBlueprint '/Game/SideScrollerBP/Maps/Level1.Level1:PersistentLevel.Level1' with GeneratedClass '/Game/SideScrollerBP/Maps/Level1.Level1_C' with ClassGeneratedBy '/Game/SideScrollerBP/Maps/Level1.Level1:PersistentLevel.Level1'
[2019.03.13-17.52.46:387][450]LogSlate: Updating window title bar state: overlay mode, drag disabled, window buttons hidden, title bar hidden
[2019.03.13-17.52.46:415][451]LogPlayLevel: Display: Destroying online subsystem :Context_8
[2019.03.13-17.52.49:561][701]LogSlate: FSceneViewport::OnFocusLost() reason 2
[2019.03.13-17.52.52:054][940]Cmd: OBJ SAVEPACKAGE PACKAGE="/Game/SideScrollerBP/Maps/Level1" FILE="../../../../../new129/NoName/Content/SideScrollerBP/Maps/Level1.umap" SILENT=true AUTOSAVING=false KEEPDIRTY=false
[2019.03.13-17.52.52:363][940]LogSavePackage: Moving '../../../../../new129/NoName/Saved/Level157EDDB064A7FF7CCD1F67F876D9354B7.tmp' to '../../../../../new129/NoName/Content/SideScrollerBP/Maps/Level1.umap'
[2019.03.13-17.52.52:422][940]Cmd: OBJ SAVEPACKAGE PACKAGE="/Game/SideScrollerBP/Maps/Level1_BuiltData" FILE="../../../../../new129/NoName/Content/SideScrollerBP/Maps/Level1_BuiltData.uasset" SILENT=true
[2019.03.13-17.52.52:768][940]LogSavePackage: Moving '../../../../../new129/NoName/Saved/Level1_BuiltData234E744B4BF0360822035589FE1CF514.tmp' to '../../../../../new129/NoName/Content/SideScrollerBP/Maps/Level1_BuiltData.uasset'
[2019.03.13-17.53.28:456][926]BlueprintLog: New page: Compile Boom
[2019.03.13-17.53.29:297][961]Cmd: OBJ SAVEPACKAGE PACKAGE="/Game/SideScrollerBP/Blueprints/Boom" FILE="../../../../../new129/NoName/Content/SideScrollerBP/Blueprints/Boom.uasset" SILENT=true
[2019.03.13-17.53.29:350][961]LogSavePackage: Moving '../../../../../new129/NoName/Saved/BoomF35856D941426CAB59958A9B362918AB.tmp' to '../../../../../new129/NoName/Content/SideScrollerBP/Blueprints/Boom.uasset'
[2019.03.13-17.53.51:326][226]LogTemp: Repeating last play command: Selected Viewport
[2019.03.13-17.53.51:366][226]LogBlueprintUserMessages: Early PlayInEditor Detection: Level '/Game/SideScrollerBP/Maps/Level1.Level1:PersistentLevel' has LevelScriptBlueprint '/Game/SideScrollerBP/Maps/Level1.Level1:PersistentLevel.Level1' with GeneratedClass '/Game/SideScrollerBP/Maps/Level1.Level1_C' with ClassGeneratedBy '/Game/SideScrollerBP/Maps/Level1.Level1:PersistentLevel.Level1'
[2019.03.13-17.53.51:367][226]LogPlayLevel: PlayLevel: No blueprints needed recompiling
[2019.03.13-17.53.51:367][226]PIE: New page: PIE session: Level1 (Mar 13, 2019, 3:53:51 AM)
[2019.03.13-17.53.51:367][226]LogPlayLevel: Creating play world package: /Game/SideScrollerBP/Maps/UEDPIE_0_Level1
[2019.03.13-17.53.51:385][226]LogPlayLevel: PIE: StaticDuplicateObject took: (0.018185s)
[2019.03.13-17.53.51:386][226]LogAIModule: Creating AISystem for world Level1
[2019.03.13-17.53.51:386][226]LogPlayLevel: PIE: World Init took: (0.000873s)
[2019.03.13-17.53.51:386][226]LogPlayLevel: PIE: Created PIE world by copying editor world from /Game/SideScrollerBP/Maps/Level1.Level1 to /Game/SideScrollerBP/Maps/UEDPIE_0_Level1.Level1 (0.019282s)
[2019.03.13-17.53.51:419][226]LogInit: XAudio2 using 'Headset Earphone (HyperX 7.1 Audio)' : 2 channels at 48 kHz using 16 bits per sample (channel mask 0x3)
[2019.03.13-17.53.51:428][226]LogInit: FAudioDevice initialized.
[2019.03.13-17.53.51:461][226]LogLoad: Game class is 'SideScrollerGameMode_C'
[2019.03.13-17.53.51:465][226]LogWorld: Bringing World /Game/SideScrollerBP/Maps/UEDPIE_0_Level1.Level1 up for play (max tick rate 0) at 2019.03.13-10.53.51
[2019.03.13-17.53.51:466][226]LogWorld: Bringing up level for play took: 0.005302
[2019.03.13-17.53.51:479][226]PIE: Play in editor start time for /Game/SideScrollerBP/Maps/UEDPIE_0_Level1 -0.826
[2019.03.13-17.53.51:479][226]LogBlueprintUserMessages: Late PlayInEditor Detection: Level '/Game/SideScrollerBP/Maps/Level1.Level1:PersistentLevel' has LevelScriptBlueprint '/Game/SideScrollerBP/Maps/Level1.Level1:PersistentLevel.Level1' with GeneratedClass '/Game/SideScrollerBP/Maps/Level1.Level1_C' with ClassGeneratedBy '/Game/SideScrollerBP/Maps/Level1.Level1:PersistentLevel.Level1'
[2019.03.13-17.53.51:504][226]LogAudio: Warning: Detected orphaned looping sound 'boombox_Cue'.
[2019.03.13-17.53.54:438][577]LogBlueprintUserMessages: [Boom_2] Input Enabled
[2019.03.13-17.53.54:655][603]LogBlueprintUserMessages: [Boom_2] Input Disabled
[2019.03.13-17.54.12:198][707]LogBlueprintUserMessages: [Boom_2] Input Enabled
[2019.03.13-17.54.12:248][713]LogBlueprintUserMessages: [Boom_2] Input Disabled
[2019.03.13-17.54.13:123][818]LogBlueprintUserMessages: [Boom_2] Input Enabled
[2019.03.13-17.54.23:716][ 86]LogBlueprintUserMessages: [Boom_2] Input Disabled
[2019.03.13-17.54.33:472][256]LogBlueprintUserMessages: Early EndPlayMap Detection: Level '/Game/SideScrollerBP/Maps/Level1.Level1:PersistentLevel' has LevelScriptBlueprint '/Game/SideScrollerBP/Maps/Level1.Level1:PersistentLevel.Level1' with GeneratedClass '/Game/SideScrollerBP/Maps/Level1.Level1_C' with ClassGeneratedBy '/Game/SideScrollerBP/Maps/Level1.Level1:PersistentLevel.Level1'
[2019.03.13-17.54.33:472][256]LogSlate: Updating window title bar state: overlay mode, drag disabled, window buttons hidden, title bar hidden
[2019.03.13-17.54.33:507][256]LogPlayLevel: Display: Shutting down PIE online subsystems
[2019.03.13-17.54.33:508][256]LogBlueprintUserMessages: Late EndPlayMap Detection: Level '/Game/SideScrollerBP/Maps/Level1.Level1:PersistentLevel' has LevelScriptBlueprint '/Game/SideScrollerBP/Maps/Level1.Level1:PersistentLevel.Level1' with GeneratedClass '/Game/SideScrollerBP/Maps/Level1.Level1_C' with ClassGeneratedBy '/Game/SideScrollerBP/Maps/Level1.Level1:PersistentLevel.Level1'
[2019.03.13-17.54.33:542][256]LogSlate: Updating window title bar state: overlay mode, drag disabled, window buttons hidden, title bar hidden
[2019.03.13-17.54.33:572][257]LogPlayLevel: Display: Destroying online subsystem :Context_9
[2019.03.13-17.54.40:279][998]LogSlate: FSceneViewport::OnFocusLost() reason 2
[2019.03.13-17.56.39:314][746]BlueprintLog: New page: Compile Boom
[2019.03.13-17.56.39:916][761]Cmd: OBJ SAVEPACKAGE PACKAGE="/Game/SideScrollerBP/Blueprints/Boom" FILE="../../../../../new129/NoName/Content/SideScrollerBP/Blueprints/Boom.uasset" SILENT=true
[2019.03.13-17.56.39:973][761]LogSavePackage: Moving '../../../../../new129/NoName/Saved/Boom26AF6EBD4C22BFFD74556DB1B332BAC5.tmp' to '../../../../../new129/NoName/Content/SideScrollerBP/Blueprints/Boom.uasset'
[2019.03.13-17.56.42:094][991]LogTemp: Repeating last play command: Selected Viewport
[2019.03.13-17.56.42:133][991]LogBlueprintUserMessages: Early PlayInEditor Detection: Level '/Game/SideScrollerBP/Maps/Level1.Level1:PersistentLevel' has LevelScriptBlueprint '/Game/SideScrollerBP/Maps/Level1.Level1:PersistentLevel.Level1' with GeneratedClass '/Game/SideScrollerBP/Maps/Level1.Level1_C' with ClassGeneratedBy '/Game/SideScrollerBP/Maps/Level1.Level1:PersistentLevel.Level1'
[2019.03.13-17.56.42:133][991]LogPlayLevel: PlayLevel: No blueprints needed recompiling
[2019.03.13-17.56.42:133][991]PIE: New page: PIE session: Level1 (Mar 13, 2019, 3:56:42 AM)
[2019.03.13-17.56.42:133][991]LogPlayLevel: Creating play world package: /Game/SideScrollerBP/Maps/UEDPIE_0_Level1
[2019.03.13-17.56.42:152][991]LogPlayLevel: PIE: StaticDuplicateObject took: (0.018939s)
[2019.03.13-17.56.42:153][991]LogAIModule: Creating AISystem for world Level1
[2019.03.13-17.56.42:153][991]LogPlayLevel: PIE: World Init took: (0.000973s)
[2019.03.13-17.56.42:153][991]LogPlayLevel: PIE: Created PIE world by copying editor world from /Game/SideScrollerBP/Maps/Level1.Level1 to /Game/SideScrollerBP/Maps/UEDPIE_0_Level1.Level1 (0.020123s)
[2019.03.13-17.56.42:192][991]LogInit: XAudio2 using 'Headset Earphone (HyperX 7.1 Audio)' : 2 channels at 48 kHz using 16 bits per sample (channel mask 0x3)
[2019.03.13-17.56.42:201][991]LogInit: FAudioDevice initialized.
[2019.03.13-17.56.42:231][991]LogLoad: Game class is 'SideScrollerGameMode_C'
[2019.03.13-17.56.42:237][991]LogWorld: Bringing World /Game/SideScrollerBP/Maps/UEDPIE_0_Level1.Level1 up for play (max tick rate 0) at 2019.03.13-10.56.42
[2019.03.13-17.56.42:238][991]LogWorld: Bringing up level for play took: 0.005904
[2019.03.13-17.56.42:270][991]PIE: Play in editor start time for /Game/SideScrollerBP/Maps/UEDPIE_0_Level1 -0.072
[2019.03.13-17.56.42:270][991]LogBlueprintUserMessages: Late PlayInEditor Detection: Level '/Game/SideScrollerBP/Maps/Level1.Level1:PersistentLevel' has LevelScriptBlueprint '/Game/SideScrollerBP/Maps/Level1.Level1:PersistentLevel.Level1' with GeneratedClass '/Game/SideScrollerBP/Maps/Level1.Level1_C' with ClassGeneratedBy '/Game/SideScrollerBP/Maps/Level1.Level1:PersistentLevel.Level1'
[2019.03.13-17.56.45:552][381]LogBlueprintUserMessages: [Boom_2] Input Enabled
[2019.03.13-17.56.54:722][477]LogBlueprintUserMessages: [Boom_2] Input Disabled
[2019.03.13-17.56.58:622][941]LogBlueprintUserMessages: [Boom_2] Input Enabled
[2019.03.13-17.56.59:849][ 88]LogBlueprintUserMessages: Early EndPlayMap Detection: Level '/Game/SideScrollerBP/Maps/Level1.Level1:PersistentLevel' has LevelScriptBlueprint '/Game/SideScrollerBP/Maps/Level1.Level1:PersistentLevel.Level1' with GeneratedClass '/Game/SideScrollerBP/Maps/Level1.Level1_C' with ClassGeneratedBy '/Game/SideScrollerBP/Maps/Level1.Level1:PersistentLevel.Level1'
[2019.03.13-17.56.59:850][ 88]LogSlate: Updating window title bar state: overlay mode, drag disabled, window buttons hidden, title bar hidden
[2019.03.13-17.56.59:885][ 88]LogPlayLevel: Display: Shutting down PIE online subsystems
[2019.03.13-17.56.59:885][ 88]LogBlueprintUserMessages: Late EndPlayMap Detection: Level '/Game/SideScrollerBP/Maps/Level1.Level1:PersistentLevel' has LevelScriptBlueprint '/Game/SideScrollerBP/Maps/Level1.Level1:PersistentLevel.Level1' with GeneratedClass '/Game/SideScrollerBP/Maps/Level1.Level1_C' with ClassGeneratedBy '/Game/SideScrollerBP/Maps/Level1.Level1:PersistentLevel.Level1'
[2019.03.13-17.56.59:918][ 88]LogSlate: Updating window title bar state: overlay mode, drag disabled, window buttons hidden, title bar hidden
[2019.03.13-17.56.59:949][ 89]LogPlayLevel: Display: Destroying online subsystem :Context_10
[2019.03.13-17.57.02:379][359]LogSlate: FSceneViewport::OnFocusLost() reason 0
[2019.03.13-17.57.02:464][368]Cmd: OBJ SAVEPACKAGE PACKAGE="/Game/SideScrollerBP/Maps/Level1" FILE="../../../../../new129/NoName/Content/SideScrollerBP/Maps/Level1.umap" SILENT=true AUTOSAVING=false KEEPDIRTY=false
[2019.03.13-17.57.02:762][368]LogSavePackage: Moving '../../../../../new129/NoName/Saved/Level1E764EBE84CAB0F17851A098375A87C4B.tmp' to '../../../../../new129/NoName/Content/SideScrollerBP/Maps/Level1.umap'
[2019.03.13-17.57.02:819][368]Cmd: OBJ SAVEPACKAGE PACKAGE="/Game/SideScrollerBP/Maps/Level1_BuiltData" FILE="../../../../../new129/NoName/Content/SideScrollerBP/Maps/Level1_BuiltData.uasset" SILENT=true
[2019.03.13-17.57.03:033][368]LogSavePackage: Moving '../../../../../new129/NoName/Saved/Level1_BuiltData23F0E12445DF4BE0FD14FEB220DDCF62.tmp' to '../../../../../new129/NoName/Content/SideScrollerBP/Maps/Level1_BuiltData.uasset'
[2019.03.13-17.57.04:845][529]Cmd: OBJ SAVEPACKAGE PACKAGE="/Game/Audio/music" FILE="../../../../../new129/NoName/Content/Audio/music.uasset" SILENT=true
[2019.03.13-17.57.04:852][529]LogSavePackage: Moving '../../../../../new129/NoName/Saved/music8A96C2D94E3BC6ED2F7309986D2ED726.tmp' to '../../../../../new129/NoName/Content/Audio/music.uasset'
